---------------------------------------------------------------
[ 2025-11-27T03:31:26+08:00 ] 87.236.176.97 GET duanju.doukang.shop/
[运行时间：0.165037s] [吞吐率：6.06req/s] [内存消耗：4,153.31kb] [文件加载：91]
[ info ] [ BEHAVIOR ] Run Closure @app_init [ RunTime:0.000144s ]
[ info ] [ CACHE ] INIT File
[ info ] [ BEHAVIOR ] Run \addons\dramas\Dramas @app_init [ RunTime:0.009828s ]
[ info ] [ BEHAVIOR ] Run \addons\uploads\Uploads @app_init [ RunTime:0.004109s ]
[ info ] [ BEHAVIOR ] Run Closure @app_init [ RunTime:0.004152s ]
[ info ] [ BEHAVIOR ] Run app\common\behavior\Common @app_init [ RunTime:0.003007s ]
[ info ] [ LANG ] /www/wwwroot/duanju.doukang.shop/thinkphp/lang/zh-cn.php
[ info ] [ BEHAVIOR ] Run app\common\behavior\Common @app_dispatch [ RunTime:0.000032s ]
[ info ] [ ROUTE ] array (
  'type' => 'module',
  'module' => 
  array (
    0 => '',
    1 => NULL,
    2 => NULL,
  ),
)
[ info ] [ HEADER ] array (
  'accept-encoding' => 'gzip',
  'accept' => '*/*',
  'connection' => 'close',
  'user-agent' => 'Mozilla/5.0 (compatible; InternetMeasurement/1.0; +https://internet-measurement.com/)',
  'host' => 'duanju.doukang.shop',
  'content-length' => '',
  'content-type' => '',
)
[ info ] [ PARAM ] array (
)
[ info ] [ LANG ] /www/wwwroot/duanju.doukang.shop/public/../application/index/lang/zh-cn.php
[ info ] [ BEHAVIOR ] Run app\common\behavior\Common @module_init [ RunTime:0.002854s ]
[ info ] [ SESSION ] INIT array (
  'id' => '',
  'var_session_id' => '',
  'prefix' => 'think',
  'type' => '',
  'auto_start' => true,
)
[ info ] [ DB ] INIT mysql
[ info ] [ BEHAVIOR ] Run \addons\uploads\Uploads @module_init [ RunTime:0.031201s ]
[ info ] [ BEHAVIOR ] Run \addons\uploads\Uploads @upload_config_init [ RunTime:0.001303s ]
[ info ] [ BEHAVIOR ] Run \addons\nkeditor\Nkeditor @config_init [ RunTime:0.000704s ]
[ info ] [ LANG ] /www/wwwroot/duanju.doukang.shop/public/../application/index/lang/zh-cn/index.php
[ info ] [ BEHAVIOR ] Run \addons\epay\Epay @action_begin [ RunTime:0.002837s ]
[ info ] [ RUN ] app\index\controller\Index->index[ /www/wwwroot/duanju.doukang.shop/application/index/controller/Index.php ]
[ info ] [ LOG ] INIT File
---------------------------------------------------------------
[ 2025-11-27T04:56:41+08:00 ] 159.89.27.80 GET duanju.doukang.shop/
[运行时间：0.044536s] [吞吐率：22.45req/s] [内存消耗：4,157.37kb] [文件加载：91]
[ info ] [ BEHAVIOR ] Run Closure @app_init [ RunTime:0.000115s ]
[ info ] [ CACHE ] INIT File
[ info ] [ BEHAVIOR ] Run \addons\dramas\Dramas @app_init [ RunTime:0.002493s ]
[ info ] [ BEHAVIOR ] Run \addons\uploads\Uploads @app_init [ RunTime:0.000301s ]
[ info ] [ BEHAVIOR ] Run Closure @app_init [ RunTime:0.000328s ]
[ info ] [ BEHAVIOR ] Run app\common\behavior\Common @app_init [ RunTime:0.000517s ]
[ info ] [ LANG ] /www/wwwroot/duanju.doukang.shop/thinkphp/lang/zh-cn.php
[ info ] [ BEHAVIOR ] Run app\common\behavior\Common @app_dispatch [ RunTime:0.000018s ]
[ info ] [ ROUTE ] array (
  'type' => 'module',
  'module' => 
  array (
    0 => '',
    1 => NULL,
    2 => NULL,
  ),
)
[ info ] [ HEADER ] array (
  'priority' => 'u=0, i',
  'sec-fetch-user' => '?1',
  'sec-fetch-site' => 'none',
  'sec-fetch-mode' => 'navigate',
  'sec-fetch-dest' => 'document',
  'upgrade-insecure-requests' => '1',
  'connection' => 'keep-alive',
  'accept-encoding' => 'gzip, deflate',
  'accept-language' => 'en-US,en;q=0.5',
  'accept' => 'text/html,application/xhtml+xml,application/xml;q=0.9,*/*;q=0.8',
  'user-agent' => 'Mozilla/5.0 (X11; Linux x86_64; rv:139.0) Gecko/20100101 Firefox/139.0',
  'host' => 'duanju.doukang.shop',
  'content-length' => '',
  'content-type' => '',
)
[ info ] [ PARAM ] array (
)
[ info ] [ LANG ] /www/wwwroot/duanju.doukang.shop/public/../application/index/lang/zh-cn.php
[ info ] [ BEHAVIOR ] Run app\common\behavior\Common @module_init [ RunTime:0.001607s ]
[ info ] [ SESSION ] INIT array (
  'id' => '',
  'var_session_id' => '',
  'prefix' => 'think',
  'type' => '',
  'auto_start' => true,
)
[ info ] [ DB ] INIT mysql
[ info ] [ BEHAVIOR ] Run \addons\uploads\Uploads @module_init [ RunTime:0.012912s ]
[ info ] [ BEHAVIOR ] Run \addons\uploads\Uploads @upload_config_init [ RunTime:0.001238s ]
[ info ] [ BEHAVIOR ] Run \addons\nkeditor\Nkeditor @config_init [ RunTime:0.000146s ]
[ info ] [ LANG ] /www/wwwroot/duanju.doukang.shop/public/../application/index/lang/zh-cn/index.php
[ info ] [ BEHAVIOR ] Run \addons\epay\Epay @action_begin [ RunTime:0.000939s ]
[ info ] [ RUN ] app\index\controller\Index->index[ /www/wwwroot/duanju.doukang.shop/application/index/controller/Index.php ]
[ info ] [ LOG ] INIT File
---------------------------------------------------------------
[ 2025-11-27T04:56:44+08:00 ] 159.89.27.80 GET duanju.doukang.shop/
[运行时间：0.045452s] [吞吐率：22.00req/s] [内存消耗：4,157.43kb] [文件加载：91]
[ info ] [ BEHAVIOR ] Run Closure @app_init [ RunTime:0.000123s ]
[ info ] [ CACHE ] INIT File
[ info ] [ BEHAVIOR ] Run \addons\dramas\Dramas @app_init [ RunTime:0.002529s ]
[ info ] [ BEHAVIOR ] Run \addons\uploads\Uploads @app_init [ RunTime:0.000293s ]
[ info ] [ BEHAVIOR ] Run Closure @app_init [ RunTime:0.000321s ]
[ info ] [ BEHAVIOR ] Run app\common\behavior\Common @app_init [ RunTime:0.000504s ]
[ info ] [ LANG ] /www/wwwroot/duanju.doukang.shop/thinkphp/lang/zh-cn.php
[ info ] [ BEHAVIOR ] Run app\common\behavior\Common @app_dispatch [ RunTime:0.000023s ]
[ info ] [ ROUTE ] array (
  'type' => 'module',
  'module' => 
  array (
    0 => '',
    1 => NULL,
    2 => NULL,
  ),
)
[ info ] [ HEADER ] array (
  'priority' => 'u=0, i',
  'sec-fetch-user' => '?1',
  'sec-fetch-site' => 'none',
  'sec-fetch-mode' => 'navigate',
  'sec-fetch-dest' => 'document',
  'upgrade-insecure-requests' => '1',
  'connection' => 'keep-alive',
  'accept-encoding' => 'gzip, deflate',
  'accept-language' => 'en-US,en;q=0.5',
  'accept' => 'text/html,application/xhtml+xml,application/xml;q=0.9,*/*;q=0.8',
  'user-agent' => 'Mozilla/5.0 (X11; Linux x86_64; rv:139.0) Gecko/20100101 Firefox/139.0',
  'host' => 'duanju.doukang.shop',
  'content-length' => '',
  'content-type' => '',
)
[ info ] [ PARAM ] array (
)
[ info ] [ LANG ] /www/wwwroot/duanju.doukang.shop/public/../application/index/lang/zh-cn.php
[ info ] [ BEHAVIOR ] Run app\common\behavior\Common @module_init [ RunTime:0.001642s ]
[ info ] [ SESSION ] INIT array (
  'id' => '',
  'var_session_id' => '',
  'prefix' => 'think',
  'type' => '',
  'auto_start' => true,
)
[ info ] [ DB ] INIT mysql
[ info ] [ BEHAVIOR ] Run \addons\uploads\Uploads @module_init [ RunTime:0.013321s ]
[ info ] [ BEHAVIOR ] Run \addons\uploads\Uploads @upload_config_init [ RunTime:0.001334s ]
[ info ] [ BEHAVIOR ] Run \addons\nkeditor\Nkeditor @config_init [ RunTime:0.000149s ]
[ info ] [ LANG ] /www/wwwroot/duanju.doukang.shop/public/../application/index/lang/zh-cn/index.php
[ info ] [ BEHAVIOR ] Run \addons\epay\Epay @action_begin [ RunTime:0.000998s ]
[ info ] [ RUN ] app\index\controller\Index->index[ /www/wwwroot/duanju.doukang.shop/application/index/controller/Index.php ]
[ info ] [ LOG ] INIT File
---------------------------------------------------------------
[ 2025-11-27T10:52:37+08:00 ] 99.79.55.113 GET duanju.doukang.shop/vendor/.env
[运行时间：0.041903s] [吞吐率：23.86req/s] [内存消耗：2,334.51kb] [文件加载：71]
[ info ] [ BEHAVIOR ] Run Closure @app_init [ RunTime:0.000132s ]
[ info ] [ CACHE ] INIT File
[ info ] [ BEHAVIOR ] Run \addons\dramas\Dramas @app_init [ RunTime:0.002544s ]
[ info ] [ BEHAVIOR ] Run \addons\uploads\Uploads @app_init [ RunTime:0.000303s ]
[ info ] [ BEHAVIOR ] Run Closure @app_init [ RunTime:0.000331s ]
[ info ] [ BEHAVIOR ] Run app\common\behavior\Common @app_init [ RunTime:0.000485s ]
[ info ] [ LANG ] /www/wwwroot/duanju.doukang.shop/thinkphp/lang/zh-cn.php
[ info ] [ BEHAVIOR ] Run app\common\behavior\Common @app_dispatch [ RunTime:0.000027s ]
[ info ] [ ROUTE ] array (
  'type' => 'module',
  'module' => 
  array (
    0 => 'vendor',
    1 => '.env',
    2 => NULL,
  ),
)
[ info ] [ HEADER ] array (
  'user-agent' => 'python-httpx/0.22.0',
  'connection' => 'keep-alive',
  'accept-encoding' => 'gzip, deflate',
  'accept' => '*/*',
  'host' => 'duanju.doukang.shop',
  'content-length' => '',
  'content-type' => '',
)
[ info ] [ PARAM ] array (
)
[ info ] [ LOG ] INIT File
---------------------------------------------------------------
[ 2025-11-27T10:52:38+08:00 ] 99.79.55.113 GET duanju.doukang.shop/lib/.env
[运行时间：0.024766s] [吞吐率：40.38req/s] [内存消耗：2,334.51kb] [文件加载：71]
[ info ] [ BEHAVIOR ] Run Closure @app_init [ RunTime:0.000132s ]
[ info ] [ CACHE ] INIT File
[ info ] [ BEHAVIOR ] Run \addons\dramas\Dramas @app_init [ RunTime:0.002511s ]
[ info ] [ BEHAVIOR ] Run \addons\uploads\Uploads @app_init [ RunTime:0.000294s ]
[ info ] [ BEHAVIOR ] Run Closure @app_init [ RunTime:0.000320s ]
[ info ] [ BEHAVIOR ] Run app\common\behavior\Common @app_init [ RunTime:0.000481s ]
[ info ] [ LANG ] /www/wwwroot/duanju.doukang.shop/thinkphp/lang/zh-cn.php
[ info ] [ BEHAVIOR ] Run app\common\behavior\Common @app_dispatch [ RunTime:0.000025s ]
[ info ] [ ROUTE ] array (
  'type' => 'module',
  'module' => 
  array (
    0 => 'lib',
    1 => '.env',
    2 => NULL,
  ),
)
[ info ] [ HEADER ] array (
  'user-agent' => 'python-httpx/0.22.0',
  'connection' => 'keep-alive',
  'accept-encoding' => 'gzip, deflate',
  'accept' => '*/*',
  'host' => 'duanju.doukang.shop',
  'content-length' => '',
  'content-type' => '',
)
[ info ] [ PARAM ] array (
)
[ info ] [ LOG ] INIT File
---------------------------------------------------------------
[ 2025-11-27T10:52:39+08:00 ] 99.79.55.113 GET duanju.doukang.shop/lab/.env
[运行时间：0.023605s] [吞吐率：42.36req/s] [内存消耗：2,334.51kb] [文件加载：71]
[ info ] [ BEHAVIOR ] Run Closure @app_init [ RunTime:0.000028s ]
[ info ] [ CACHE ] INIT File
[ info ] [ BEHAVIOR ] Run \addons\dramas\Dramas @app_init [ RunTime:0.002479s ]
[ info ] [ BEHAVIOR ] Run \addons\uploads\Uploads @app_init [ RunTime:0.000291s ]
[ info ] [ BEHAVIOR ] Run Closure @app_init [ RunTime:0.000319s ]
[ info ] [ BEHAVIOR ] Run app\common\behavior\Common @app_init [ RunTime:0.000492s ]
[ info ] [ LANG ] /www/wwwroot/duanju.doukang.shop/thinkphp/lang/zh-cn.php
[ info ] [ BEHAVIOR ] Run app\common\behavior\Common @app_dispatch [ RunTime:0.000024s ]
[ info ] [ ROUTE ] array (
  'type' => 'module',
  'module' => 
  array (
    0 => 'lab',
    1 => '.env',
    2 => NULL,
  ),
)
[ info ] [ HEADER ] array (
  'user-agent' => 'python-httpx/0.22.0',
  'connection' => 'keep-alive',
  'accept-encoding' => 'gzip, deflate',
  'accept' => '*/*',
  'host' => 'duanju.doukang.shop',
  'content-length' => '',
  'content-type' => '',
)
[ info ] [ PARAM ] array (
)
[ info ] [ LOG ] INIT File
---------------------------------------------------------------
[ 2025-11-27T10:52:41+08:00 ] 99.79.55.113 GET duanju.doukang.shop/cronlab/.env
[运行时间：0.024187s] [吞吐率：41.34req/s] [内存消耗：2,334.51kb] [文件加载：71]
[ info ] [ BEHAVIOR ] Run Closure @app_init [ RunTime:0.000032s ]
[ info ] [ CACHE ] INIT File
[ info ] [ BEHAVIOR ] Run \addons\dramas\Dramas @app_init [ RunTime:0.002540s ]
[ info ] [ BEHAVIOR ] Run \addons\uploads\Uploads @app_init [ RunTime:0.000313s ]
[ info ] [ BEHAVIOR ] Run Closure @app_init [ RunTime:0.000342s ]
[ info ] [ BEHAVIOR ] Run app\common\behavior\Common @app_init [ RunTime:0.000503s ]
[ info ] [ LANG ] /www/wwwroot/duanju.doukang.shop/thinkphp/lang/zh-cn.php
[ info ] [ BEHAVIOR ] Run app\common\behavior\Common @app_dispatch [ RunTime:0.000026s ]
[ info ] [ ROUTE ] array (
  'type' => 'module',
  'module' => 
  array (
    0 => 'cronlab',
    1 => '.env',
    2 => NULL,
  ),
)
[ info ] [ HEADER ] array (
  'user-agent' => 'python-httpx/0.22.0',
  'connection' => 'keep-alive',
  'accept-encoding' => 'gzip, deflate',
  'accept' => '*/*',
  'host' => 'duanju.doukang.shop',
  'content-length' => '',
  'content-type' => '',
)
[ info ] [ PARAM ] array (
)
[ info ] [ LOG ] INIT File
---------------------------------------------------------------
[ 2025-11-27T10:52:42+08:00 ] 99.79.55.113 GET duanju.doukang.shop/cron/.env
[运行时间：0.025246s] [吞吐率：39.61req/s] [内存消耗：2,334.51kb] [文件加载：71]
[ info ] [ BEHAVIOR ] Run Closure @app_init [ RunTime:0.000120s ]
[ info ] [ CACHE ] INIT File
[ info ] [ BEHAVIOR ] Run \addons\dramas\Dramas @app_init [ RunTime:0.002581s ]
[ info ] [ BEHAVIOR ] Run \addons\uploads\Uploads @app_init [ RunTime:0.000289s ]
[ info ] [ BEHAVIOR ] Run Closure @app_init [ RunTime:0.000315s ]
[ info ] [ BEHAVIOR ] Run app\common\behavior\Common @app_init [ RunTime:0.000524s ]
[ info ] [ LANG ] /www/wwwroot/duanju.doukang.shop/thinkphp/lang/zh-cn.php
[ info ] [ BEHAVIOR ] Run app\common\behavior\Common @app_dispatch [ RunTime:0.000030s ]
[ info ] [ ROUTE ] array (
  'type' => 'module',
  'module' => 
  array (
    0 => 'cron',
    1 => '.env',
    2 => NULL,
  ),
)
[ info ] [ HEADER ] array (
  'user-agent' => 'python-httpx/0.22.0',
  'connection' => 'keep-alive',
  'accept-encoding' => 'gzip, deflate',
  'accept' => '*/*',
  'host' => 'duanju.doukang.shop',
  'content-length' => '',
  'content-type' => '',
)
[ info ] [ PARAM ] array (
)
[ info ] [ LOG ] INIT File
---------------------------------------------------------------
[ 2025-11-27T10:52:43+08:00 ] 99.79.55.113 GET duanju.doukang.shop/core/.env
[运行时间：0.024765s] [吞吐率：40.38req/s] [内存消耗：2,334.51kb] [文件加载：71]
[ info ] [ BEHAVIOR ] Run Closure @app_init [ RunTime:0.000118s ]
[ info ] [ CACHE ] INIT File
[ info ] [ BEHAVIOR ] Run \addons\dramas\Dramas @app_init [ RunTime:0.002483s ]
[ info ] [ BEHAVIOR ] Run \addons\uploads\Uploads @app_init [ RunTime:0.000288s ]
[ info ] [ BEHAVIOR ] Run Closure @app_init [ RunTime:0.000315s ]
[ info ] [ BEHAVIOR ] Run app\common\behavior\Common @app_init [ RunTime:0.000511s ]
[ info ] [ LANG ] /www/wwwroot/duanju.doukang.shop/thinkphp/lang/zh-cn.php
[ info ] [ BEHAVIOR ] Run app\common\behavior\Common @app_dispatch [ RunTime:0.000024s ]
[ info ] [ ROUTE ] array (
  'type' => 'module',
  'module' => 
  array (
    0 => 'core',
    1 => '.env',
    2 => NULL,
  ),
)
[ info ] [ HEADER ] array (
  'user-agent' => 'python-httpx/0.22.0',
  'connection' => 'keep-alive',
  'accept-encoding' => 'gzip, deflate',
  'accept' => '*/*',
  'host' => 'duanju.doukang.shop',
  'content-length' => '',
  'content-type' => '',
)
[ info ] [ PARAM ] array (
)
[ info ] [ LOG ] INIT File
---------------------------------------------------------------
[ 2025-11-27T10:52:44+08:00 ] 99.79.55.113 GET duanju.doukang.shop/core/app/.env
[运行时间：0.029987s] [吞吐率：33.35req/s] [内存消耗：2,334.55kb] [文件加载：71]
[ info ] [ BEHAVIOR ] Run Closure @app_init [ RunTime:0.000142s ]
[ info ] [ CACHE ] INIT File
[ info ] [ BEHAVIOR ] Run \addons\dramas\Dramas @app_init [ RunTime:0.002864s ]
[ info ] [ BEHAVIOR ] Run \addons\uploads\Uploads @app_init [ RunTime:0.000349s ]
[ info ] [ BEHAVIOR ] Run Closure @app_init [ RunTime:0.000377s ]
[ info ] [ BEHAVIOR ] Run app\common\behavior\Common @app_init [ RunTime:0.000580s ]
[ info ] [ LANG ] /www/wwwroot/duanju.doukang.shop/thinkphp/lang/zh-cn.php
[ info ] [ BEHAVIOR ] Run app\common\behavior\Common @app_dispatch [ RunTime:0.000033s ]
[ info ] [ ROUTE ] array (
  'type' => 'module',
  'module' => 
  array (
    0 => 'core',
    1 => 'app',
    2 => '.env',
  ),
)
[ info ] [ HEADER ] array (
  'user-agent' => 'python-httpx/0.22.0',
  'connection' => 'keep-alive',
  'accept-encoding' => 'gzip, deflate',
  'accept' => '*/*',
  'host' => 'duanju.doukang.shop',
  'content-length' => '',
  'content-type' => '',
)
[ info ] [ PARAM ] array (
)
[ info ] [ LOG ] INIT File
---------------------------------------------------------------
[ 2025-11-27T10:52:45+08:00 ] 99.79.55.113 GET duanju.doukang.shop/core/Datavase/.env
[运行时间：0.024650s] [吞吐率：40.57req/s] [内存消耗：2,334.59kb] [文件加载：71]
[ info ] [ BEHAVIOR ] Run Closure @app_init [ RunTime:0.000117s ]
[ info ] [ CACHE ] INIT File
[ info ] [ BEHAVIOR ] Run \addons\dramas\Dramas @app_init [ RunTime:0.002518s ]
[ info ] [ BEHAVIOR ] Run \addons\uploads\Uploads @app_init [ RunTime:0.000288s ]
[ info ] [ BEHAVIOR ] Run Closure @app_init [ RunTime:0.000315s ]
[ info ] [ BEHAVIOR ] Run app\common\behavior\Common @app_init [ RunTime:0.000493s ]
[ info ] [ LANG ] /www/wwwroot/duanju.doukang.shop/thinkphp/lang/zh-cn.php
[ info ] [ BEHAVIOR ] Run app\common\behavior\Common @app_dispatch [ RunTime:0.000026s ]
[ info ] [ ROUTE ] array (
  'type' => 'module',
  'module' => 
  array (
    0 => 'core',
    1 => 'Datavase',
    2 => '.env',
  ),
)
[ info ] [ HEADER ] array (
  'user-agent' => 'python-httpx/0.22.0',
  'connection' => 'keep-alive',
  'accept-encoding' => 'gzip, deflate',
  'accept' => '*/*',
  'host' => 'duanju.doukang.shop',
  'content-length' => '',
  'content-type' => '',
)
[ info ] [ PARAM ] array (
)
[ info ] [ LOG ] INIT File
---------------------------------------------------------------
[ 2025-11-27T10:52:47+08:00 ] 99.79.55.113 GET duanju.doukang.shop/database/.env
[运行时间：0.024834s] [吞吐率：40.27req/s] [内存消耗：2,334.53kb] [文件加载：71]
[ info ] [ BEHAVIOR ] Run Closure @app_init [ RunTime:0.000118s ]
[ info ] [ CACHE ] INIT File
[ info ] [ BEHAVIOR ] Run \addons\dramas\Dramas @app_init [ RunTime:0.002515s ]
[ info ] [ BEHAVIOR ] Run \addons\uploads\Uploads @app_init [ RunTime:0.000327s ]
[ info ] [ BEHAVIOR ] Run Closure @app_init [ RunTime:0.000356s ]
[ info ] [ BEHAVIOR ] Run app\common\behavior\Common @app_init [ RunTime:0.000497s ]
[ info ] [ LANG ] /www/wwwroot/duanju.doukang.shop/thinkphp/lang/zh-cn.php
[ info ] [ BEHAVIOR ] Run app\common\behavior\Common @app_dispatch [ RunTime:0.000024s ]
[ info ] [ ROUTE ] array (
  'type' => 'module',
  'module' => 
  array (
    0 => 'database',
    1 => '.env',
    2 => NULL,
  ),
)
[ info ] [ HEADER ] array (
  'user-agent' => 'python-httpx/0.22.0',
  'connection' => 'keep-alive',
  'accept-encoding' => 'gzip, deflate',
  'accept' => '*/*',
  'host' => 'duanju.doukang.shop',
  'content-length' => '',
  'content-type' => '',
)
[ info ] [ PARAM ] array (
)
[ info ] [ LOG ] INIT File
---------------------------------------------------------------
[ 2025-11-27T10:52:48+08:00 ] 99.79.55.113 GET duanju.doukang.shop/config/.env
[运行时间：0.024948s] [吞吐率：40.08req/s] [内存消耗：2,334.51kb] [文件加载：71]
[ info ] [ BEHAVIOR ] Run Closure @app_init [ RunTime:0.000120s ]
[ info ] [ CACHE ] INIT File
[ info ] [ BEHAVIOR ] Run \addons\dramas\Dramas @app_init [ RunTime:0.002475s ]
[ info ] [ BEHAVIOR ] Run \addons\uploads\Uploads @app_init [ RunTime:0.000307s ]
[ info ] [ BEHAVIOR ] Run Closure @app_init [ RunTime:0.000334s ]
[ info ] [ BEHAVIOR ] Run app\common\behavior\Common @app_init [ RunTime:0.000510s ]
[ info ] [ LANG ] /www/wwwroot/duanju.doukang.shop/thinkphp/lang/zh-cn.php
[ info ] [ BEHAVIOR ] Run app\common\behavior\Common @app_dispatch [ RunTime:0.000026s ]
[ info ] [ ROUTE ] array (
  'type' => 'module',
  'module' => 
  array (
    0 => 'config',
    1 => '.env',
    2 => NULL,
  ),
)
[ info ] [ HEADER ] array (
  'user-agent' => 'python-httpx/0.22.0',
  'connection' => 'keep-alive',
  'accept-encoding' => 'gzip, deflate',
  'accept' => '*/*',
  'host' => 'duanju.doukang.shop',
  'content-length' => '',
  'content-type' => '',
)
[ info ] [ PARAM ] array (
)
[ info ] [ LOG ] INIT File
---------------------------------------------------------------
[ 2025-11-27T10:52:49+08:00 ] 99.79.55.113 GET duanju.doukang.shop/assets/.env
[运行时间：0.024719s] [吞吐率：40.45req/s] [内存消耗：2,334.51kb] [文件加载：71]
[ info ] [ BEHAVIOR ] Run Closure @app_init [ RunTime:0.000118s ]
[ info ] [ CACHE ] INIT File
[ info ] [ BEHAVIOR ] Run \addons\dramas\Dramas @app_init [ RunTime:0.002498s ]
[ info ] [ BEHAVIOR ] Run \addons\uploads\Uploads @app_init [ RunTime:0.000306s ]
[ info ] [ BEHAVIOR ] Run Closure @app_init [ RunTime:0.000333s ]
[ info ] [ BEHAVIOR ] Run app\common\behavior\Common @app_init [ RunTime:0.000490s ]
[ info ] [ LANG ] /www/wwwroot/duanju.doukang.shop/thinkphp/lang/zh-cn.php
[ info ] [ BEHAVIOR ] Run app\common\behavior\Common @app_dispatch [ RunTime:0.000024s ]
[ info ] [ ROUTE ] array (
  'type' => 'module',
  'module' => 
  array (
    0 => 'assets',
    1 => '.env',
    2 => NULL,
  ),
)
[ info ] [ HEADER ] array (
  'user-agent' => 'python-httpx/0.22.0',
  'connection' => 'keep-alive',
  'accept-encoding' => 'gzip, deflate',
  'accept' => '*/*',
  'host' => 'duanju.doukang.shop',
  'content-length' => '',
  'content-type' => '',
)
[ info ] [ PARAM ] array (
)
[ info ] [ LOG ] INIT File
---------------------------------------------------------------
[ 2025-11-27T10:52:50+08:00 ] 99.79.55.113 GET duanju.doukang.shop/app/.env
[运行时间：0.023583s] [吞吐率：42.40req/s] [内存消耗：2,334.51kb] [文件加载：71]
[ info ] [ BEHAVIOR ] Run Closure @app_init [ RunTime:0.000030s ]
[ info ] [ CACHE ] INIT File
[ info ] [ BEHAVIOR ] Run \addons\dramas\Dramas @app_init [ RunTime:0.002479s ]
[ info ] [ BEHAVIOR ] Run \addons\uploads\Uploads @app_init [ RunTime:0.000292s ]
[ info ] [ BEHAVIOR ] Run Closure @app_init [ RunTime:0.000318s ]
[ info ] [ BEHAVIOR ] Run app\common\behavior\Common @app_init [ RunTime:0.000498s ]
[ info ] [ LANG ] /www/wwwroot/duanju.doukang.shop/thinkphp/lang/zh-cn.php
[ info ] [ BEHAVIOR ] Run app\common\behavior\Common @app_dispatch [ RunTime:0.000023s ]
[ info ] [ ROUTE ] array (
  'type' => 'module',
  'module' => 
  array (
    0 => 'app',
    1 => '.env',
    2 => NULL,
  ),
)
[ info ] [ HEADER ] array (
  'user-agent' => 'python-httpx/0.22.0',
  'connection' => 'keep-alive',
  'accept-encoding' => 'gzip, deflate',
  'accept' => '*/*',
  'host' => 'duanju.doukang.shop',
  'content-length' => '',
  'content-type' => '',
)
[ info ] [ PARAM ] array (
)
[ info ] [ LOG ] INIT File
---------------------------------------------------------------
[ 2025-11-27T10:52:51+08:00 ] 99.79.55.113 GET duanju.doukang.shop/apps/.env
[运行时间：0.024570s] [吞吐率：40.70req/s] [内存消耗：2,334.51kb] [文件加载：71]
[ info ] [ BEHAVIOR ] Run Closure @app_init [ RunTime:0.000134s ]
[ info ] [ CACHE ] INIT File
[ info ] [ BEHAVIOR ] Run \addons\dramas\Dramas @app_init [ RunTime:0.002487s ]
[ info ] [ BEHAVIOR ] Run \addons\uploads\Uploads @app_init [ RunTime:0.000299s ]
[ info ] [ BEHAVIOR ] Run Closure @app_init [ RunTime:0.000326s ]
[ info ] [ BEHAVIOR ] Run app\common\behavior\Common @app_init [ RunTime:0.000503s ]
[ info ] [ LANG ] /www/wwwroot/duanju.doukang.shop/thinkphp/lang/zh-cn.php
[ info ] [ BEHAVIOR ] Run app\common\behavior\Common @app_dispatch [ RunTime:0.000023s ]
[ info ] [ ROUTE ] array (
  'type' => 'module',
  'module' => 
  array (
    0 => 'apps',
    1 => '.env',
    2 => NULL,
  ),
)
[ info ] [ HEADER ] array (
  'user-agent' => 'python-httpx/0.22.0',
  'connection' => 'keep-alive',
  'accept-encoding' => 'gzip, deflate',
  'accept' => '*/*',
  'host' => 'duanju.doukang.shop',
  'content-length' => '',
  'content-type' => '',
)
[ info ] [ PARAM ] array (
)
[ info ] [ LOG ] INIT File
---------------------------------------------------------------
[ 2025-11-27T10:52:52+08:00 ] 99.79.55.113 GET duanju.doukang.shop/uploads/.env
[运行时间：0.024419s] [吞吐率：40.95req/s] [内存消耗：2,334.51kb] [文件加载：71]
[ info ] [ BEHAVIOR ] Run Closure @app_init [ RunTime:0.000118s ]
[ info ] [ CACHE ] INIT File
[ info ] [ BEHAVIOR ] Run \addons\dramas\Dramas @app_init [ RunTime:0.002533s ]
[ info ] [ BEHAVIOR ] Run \addons\uploads\Uploads @app_init [ RunTime:0.000291s ]
[ info ] [ BEHAVIOR ] Run Closure @app_init [ RunTime:0.000317s ]
[ info ] [ BEHAVIOR ] Run app\common\behavior\Common @app_init [ RunTime:0.000500s ]
[ info ] [ LANG ] /www/wwwroot/duanju.doukang.shop/thinkphp/lang/zh-cn.php
[ info ] [ BEHAVIOR ] Run app\common\behavior\Common @app_dispatch [ RunTime:0.000023s ]
[ info ] [ ROUTE ] array (
  'type' => 'module',
  'module' => 
  array (
    0 => 'uploads',
    1 => '.env',
    2 => NULL,
  ),
)
[ info ] [ HEADER ] array (
  'user-agent' => 'python-httpx/0.22.0',
  'connection' => 'keep-alive',
  'accept-encoding' => 'gzip, deflate',
  'accept' => '*/*',
  'host' => 'duanju.doukang.shop',
  'content-length' => '',
  'content-type' => '',
)
[ info ] [ PARAM ] array (
)
[ info ] [ LOG ] INIT File
---------------------------------------------------------------
[ 2025-11-27T10:52:53+08:00 ] 99.79.55.113 GET duanju.doukang.shop/sitemaps/.env
[运行时间：0.024878s] [吞吐率：40.20req/s] [内存消耗：2,334.53kb] [文件加载：71]
[ info ] [ BEHAVIOR ] Run Closure @app_init [ RunTime:0.000122s ]
[ info ] [ CACHE ] INIT File
[ info ] [ BEHAVIOR ] Run \addons\dramas\Dramas @app_init [ RunTime:0.002508s ]
[ info ] [ BEHAVIOR ] Run \addons\uploads\Uploads @app_init [ RunTime:0.000291s ]
[ info ] [ BEHAVIOR ] Run Closure @app_init [ RunTime:0.000318s ]
[ info ] [ BEHAVIOR ] Run app\common\behavior\Common @app_init [ RunTime:0.000502s ]
[ info ] [ LANG ] /www/wwwroot/duanju.doukang.shop/thinkphp/lang/zh-cn.php
[ info ] [ BEHAVIOR ] Run app\common\behavior\Common @app_dispatch [ RunTime:0.000025s ]
[ info ] [ ROUTE ] array (
  'type' => 'module',
  'module' => 
  array (
    0 => 'sitemaps',
    1 => '.env',
    2 => NULL,
  ),
)
[ info ] [ HEADER ] array (
  'user-agent' => 'python-httpx/0.22.0',
  'connection' => 'keep-alive',
  'accept-encoding' => 'gzip, deflate',
  'accept' => '*/*',
  'host' => 'duanju.doukang.shop',
  'content-length' => '',
  'content-type' => '',
)
[ info ] [ PARAM ] array (
)
[ info ] [ LOG ] INIT File
---------------------------------------------------------------
[ 2025-11-27T10:52:54+08:00 ] 99.79.55.113 GET duanju.doukang.shop/saas/.env
[运行时间：0.029916s] [吞吐率：33.43req/s] [内存消耗：2,334.51kb] [文件加载：71]
[ info ] [ BEHAVIOR ] Run Closure @app_init [ RunTime:0.000134s ]
[ info ] [ CACHE ] INIT File
[ info ] [ BEHAVIOR ] Run \addons\dramas\Dramas @app_init [ RunTime:0.003341s ]
[ info ] [ BEHAVIOR ] Run \addons\uploads\Uploads @app_init [ RunTime:0.000359s ]
[ info ] [ BEHAVIOR ] Run Closure @app_init [ RunTime:0.000387s ]
[ info ] [ BEHAVIOR ] Run app\common\behavior\Common @app_init [ RunTime:0.000571s ]
[ info ] [ LANG ] /www/wwwroot/duanju.doukang.shop/thinkphp/lang/zh-cn.php
[ info ] [ BEHAVIOR ] Run app\common\behavior\Common @app_dispatch [ RunTime:0.000026s ]
[ info ] [ ROUTE ] array (
  'type' => 'module',
  'module' => 
  array (
    0 => 'saas',
    1 => '.env',
    2 => NULL,
  ),
)
[ info ] [ HEADER ] array (
  'user-agent' => 'python-httpx/0.22.0',
  'connection' => 'keep-alive',
  'accept-encoding' => 'gzip, deflate',
  'accept' => '*/*',
  'host' => 'duanju.doukang.shop',
  'content-length' => '',
  'content-type' => '',
)
[ info ] [ PARAM ] array (
)
[ info ] [ LOG ] INIT File
---------------------------------------------------------------
[ 2025-11-27T10:52:55+08:00 ] 99.79.55.113 GET duanju.doukang.shop/api/.env
[运行时间：0.028992s] [吞吐率：34.49req/s] [内存消耗：2,346.41kb] [文件加载：74]
[ info ] [ BEHAVIOR ] Run Closure @app_init [ RunTime:0.000113s ]
[ info ] [ CACHE ] INIT File
[ info ] [ BEHAVIOR ] Run \addons\dramas\Dramas @app_init [ RunTime:0.002456s ]
[ info ] [ BEHAVIOR ] Run \addons\uploads\Uploads @app_init [ RunTime:0.000285s ]
[ info ] [ BEHAVIOR ] Run Closure @app_init [ RunTime:0.000312s ]
[ info ] [ BEHAVIOR ] Run app\common\behavior\Common @app_init [ RunTime:0.000487s ]
[ info ] [ LANG ] /www/wwwroot/duanju.doukang.shop/thinkphp/lang/zh-cn.php
[ info ] [ BEHAVIOR ] Run app\common\behavior\Common @app_dispatch [ RunTime:0.000024s ]
[ info ] [ ROUTE ] array (
  'type' => 'module',
  'module' => 
  array (
    0 => 'api',
    1 => '.env',
    2 => NULL,
  ),
)
[ info ] [ HEADER ] array (
  'user-agent' => 'python-httpx/0.22.0',
  'connection' => 'keep-alive',
  'accept-encoding' => 'gzip, deflate',
  'accept' => '*/*',
  'host' => 'duanju.doukang.shop',
  'content-length' => '',
  'content-type' => '',
)
[ info ] [ PARAM ] array (
)
[ info ] [ LANG ] /www/wwwroot/duanju.doukang.shop/public/../application/api/lang/zh-cn.php
[ info ] [ LOG ] INIT File
---------------------------------------------------------------
[ 2025-11-27T10:52:56+08:00 ] 99.79.55.113 GET duanju.doukang.shop/psnlink/.env
[运行时间：0.024705s] [吞吐率：40.48req/s] [内存消耗：2,334.51kb] [文件加载：71]
[ info ] [ BEHAVIOR ] Run Closure @app_init [ RunTime:0.000119s ]
[ info ] [ CACHE ] INIT File
[ info ] [ BEHAVIOR ] Run \addons\dramas\Dramas @app_init [ RunTime:0.002489s ]
[ info ] [ BEHAVIOR ] Run \addons\uploads\Uploads @app_init [ RunTime:0.000310s ]
[ info ] [ BEHAVIOR ] Run Closure @app_init [ RunTime:0.000337s ]
[ info ] [ BEHAVIOR ] Run app\common\behavior\Common @app_init [ RunTime:0.000502s ]
[ info ] [ LANG ] /www/wwwroot/duanju.doukang.shop/thinkphp/lang/zh-cn.php
[ info ] [ BEHAVIOR ] Run app\common\behavior\Common @app_dispatch [ RunTime:0.000025s ]
[ info ] [ ROUTE ] array (
  'type' => 'module',
  'module' => 
  array (
    0 => 'psnlink',
    1 => '.env',
    2 => NULL,
  ),
)
[ info ] [ HEADER ] array (
  'user-agent' => 'python-httpx/0.22.0',
  'connection' => 'keep-alive',
  'accept-encoding' => 'gzip, deflate',
  'accept' => '*/*',
  'host' => 'duanju.doukang.shop',
  'content-length' => '',
  'content-type' => '',
)
[ info ] [ PARAM ] array (
)
[ info ] [ LOG ] INIT File
---------------------------------------------------------------
[ 2025-11-27T10:52:57+08:00 ] 99.79.55.113 GET duanju.doukang.shop/exapi/.env
[运行时间：0.024604s] [吞吐率：40.64req/s] [内存消耗：2,334.51kb] [文件加载：71]
[ info ] [ BEHAVIOR ] Run Closure @app_init [ RunTime:0.000031s ]
[ info ] [ CACHE ] INIT File
[ info ] [ BEHAVIOR ] Run \addons\dramas\Dramas @app_init [ RunTime:0.002605s ]
[ info ] [ BEHAVIOR ] Run \addons\uploads\Uploads @app_init [ RunTime:0.000331s ]
[ info ] [ BEHAVIOR ] Run Closure @app_init [ RunTime:0.000360s ]
[ info ] [ BEHAVIOR ] Run app\common\behavior\Common @app_init [ RunTime:0.000512s ]
[ info ] [ LANG ] /www/wwwroot/duanju.doukang.shop/thinkphp/lang/zh-cn.php
[ info ] [ BEHAVIOR ] Run app\common\behavior\Common @app_dispatch [ RunTime:0.000029s ]
[ info ] [ ROUTE ] array (
  'type' => 'module',
  'module' => 
  array (
    0 => 'exapi',
    1 => '.env',
    2 => NULL,
  ),
)
[ info ] [ HEADER ] array (
  'user-agent' => 'python-httpx/0.22.0',
  'connection' => 'keep-alive',
  'accept-encoding' => 'gzip, deflate',
  'accept' => '*/*',
  'host' => 'duanju.doukang.shop',
  'content-length' => '',
  'content-type' => '',
)
[ info ] [ PARAM ] array (
)
[ info ] [ LOG ] INIT File
---------------------------------------------------------------
[ 2025-11-27T10:52:58+08:00 ] 99.79.55.113 GET duanju.doukang.shop/site/.env
[运行时间：0.028869s] [吞吐率：34.64req/s] [内存消耗：2,334.51kb] [文件加载：71]
[ info ] [ BEHAVIOR ] Run Closure @app_init [ RunTime:0.000121s ]
[ info ] [ CACHE ] INIT File
[ info ] [ BEHAVIOR ] Run \addons\dramas\Dramas @app_init [ RunTime:0.002992s ]
[ info ] [ BEHAVIOR ] Run \addons\uploads\Uploads @app_init [ RunTime:0.000330s ]
[ info ] [ BEHAVIOR ] Run Closure @app_init [ RunTime:0.000362s ]
[ info ] [ BEHAVIOR ] Run app\common\behavior\Common @app_init [ RunTime:0.000577s ]
[ info ] [ LANG ] /www/wwwroot/duanju.doukang.shop/thinkphp/lang/zh-cn.php
[ info ] [ BEHAVIOR ] Run app\common\behavior\Common @app_dispatch [ RunTime:0.000028s ]
[ info ] [ ROUTE ] array (
  'type' => 'module',
  'module' => 
  array (
    0 => 'site',
    1 => '.env',
    2 => NULL,
  ),
)
[ info ] [ HEADER ] array (
  'user-agent' => 'python-httpx/0.22.0',
  'connection' => 'keep-alive',
  'accept-encoding' => 'gzip, deflate',
  'accept' => '*/*',
  'host' => 'duanju.doukang.shop',
  'content-length' => '',
  'content-type' => '',
)
[ info ] [ PARAM ] array (
)
[ info ] [ LOG ] INIT File
---------------------------------------------------------------
[ 2025-11-27T10:52:59+08:00 ] 99.79.55.113 GET duanju.doukang.shop/admin/.env
[运行时间：0.024557s] [吞吐率：40.72req/s] [内存消耗：2,334.51kb] [文件加载：71]
[ info ] [ BEHAVIOR ] Run Closure @app_init [ RunTime:0.000022s ]
[ info ] [ CACHE ] INIT File
[ info ] [ BEHAVIOR ] Run \addons\dramas\Dramas @app_init [ RunTime:0.002443s ]
[ info ] [ BEHAVIOR ] Run \addons\uploads\Uploads @app_init [ RunTime:0.000299s ]
[ info ] [ BEHAVIOR ] Run Closure @app_init [ RunTime:0.000330s ]
[ info ] [ BEHAVIOR ] Run app\common\behavior\Common @app_init [ RunTime:0.000507s ]
[ info ] [ LANG ] /www/wwwroot/duanju.doukang.shop/thinkphp/lang/zh-cn.php
[ info ] [ BEHAVIOR ] Run app\common\behavior\Common @app_dispatch [ RunTime:0.000023s ]
[ info ] [ ROUTE ] array (
  'type' => 'module',
  'module' => 
  array (
    0 => 'admin',
    1 => '.env',
    2 => NULL,
  ),
)
[ info ] [ HEADER ] array (
  'user-agent' => 'python-httpx/0.22.0',
  'connection' => 'keep-alive',
  'accept-encoding' => 'gzip, deflate',
  'accept' => '*/*',
  'host' => 'duanju.doukang.shop',
  'content-length' => '',
  'content-type' => '',
)
[ info ] [ PARAM ] array (
)
[ info ] [ LOG ] INIT File
---------------------------------------------------------------
[ 2025-11-27T10:53:00+08:00 ] 99.79.55.113 GET duanju.doukang.shop/web/.env
[运行时间：0.023417s] [吞吐率：42.70req/s] [内存消耗：2,334.51kb] [文件加载：71]
[ info ] [ BEHAVIOR ] Run Closure @app_init [ RunTime:0.000025s ]
[ info ] [ CACHE ] INIT File
[ info ] [ BEHAVIOR ] Run \addons\dramas\Dramas @app_init [ RunTime:0.002485s ]
[ info ] [ BEHAVIOR ] Run \addons\uploads\Uploads @app_init [ RunTime:0.000302s ]
[ info ] [ BEHAVIOR ] Run Closure @app_init [ RunTime:0.000330s ]
[ info ] [ BEHAVIOR ] Run app\common\behavior\Common @app_init [ RunTime:0.000484s ]
[ info ] [ LANG ] /www/wwwroot/duanju.doukang.shop/thinkphp/lang/zh-cn.php
[ info ] [ BEHAVIOR ] Run app\common\behavior\Common @app_dispatch [ RunTime:0.000024s ]
[ info ] [ ROUTE ] array (
  'type' => 'module',
  'module' => 
  array (
    0 => 'web',
    1 => '.env',
    2 => NULL,
  ),
)
[ info ] [ HEADER ] array (
  'user-agent' => 'python-httpx/0.22.0',
  'connection' => 'keep-alive',
  'accept-encoding' => 'gzip, deflate',
  'accept' => '*/*',
  'host' => 'duanju.doukang.shop',
  'content-length' => '',
  'content-type' => '',
)
[ info ] [ PARAM ] array (
)
[ info ] [ LOG ] INIT File
---------------------------------------------------------------
[ 2025-11-27T10:53:01+08:00 ] 99.79.55.113 GET duanju.doukang.shop/public/.env
[运行时间：0.023355s] [吞吐率：42.82req/s] [内存消耗：2,334.51kb] [文件加载：71]
[ info ] [ BEHAVIOR ] Run Closure @app_init [ RunTime:0.000022s ]
[ info ] [ CACHE ] INIT File
[ info ] [ BEHAVIOR ] Run \addons\dramas\Dramas @app_init [ RunTime:0.002545s ]
[ info ] [ BEHAVIOR ] Run \addons\uploads\Uploads @app_init [ RunTime:0.000293s ]
[ info ] [ BEHAVIOR ] Run Closure @app_init [ RunTime:0.000320s ]
[ info ] [ BEHAVIOR ] Run app\common\behavior\Common @app_init [ RunTime:0.000494s ]
[ info ] [ LANG ] /www/wwwroot/duanju.doukang.shop/thinkphp/lang/zh-cn.php
[ info ] [ BEHAVIOR ] Run app\common\behavior\Common @app_dispatch [ RunTime:0.000023s ]
[ info ] [ ROUTE ] array (
  'type' => 'module',
  'module' => 
  array (
    0 => 'public',
    1 => '.env',
    2 => NULL,
  ),
)
[ info ] [ HEADER ] array (
  'user-agent' => 'python-httpx/0.22.0',
  'connection' => 'keep-alive',
  'accept-encoding' => 'gzip, deflate',
  'accept' => '*/*',
  'host' => 'duanju.doukang.shop',
  'content-length' => '',
  'content-type' => '',
)
[ info ] [ PARAM ] array (
)
[ info ] [ LOG ] INIT File
---------------------------------------------------------------
[ 2025-11-27T10:53:02+08:00 ] 99.79.55.113 GET duanju.doukang.shop/en/.env
[运行时间：0.023257s] [吞吐率：43.00req/s] [内存消耗：2,334.50kb] [文件加载：71]
[ info ] [ BEHAVIOR ] Run Closure @app_init [ RunTime:0.000024s ]
[ info ] [ CACHE ] INIT File
[ info ] [ BEHAVIOR ] Run \addons\dramas\Dramas @app_init [ RunTime:0.002452s ]
[ info ] [ BEHAVIOR ] Run \addons\uploads\Uploads @app_init [ RunTime:0.000295s ]
[ info ] [ BEHAVIOR ] Run Closure @app_init [ RunTime:0.000322s ]
[ info ] [ BEHAVIOR ] Run app\common\behavior\Common @app_init [ RunTime:0.000478s ]
[ info ] [ LANG ] /www/wwwroot/duanju.doukang.shop/thinkphp/lang/zh-cn.php
[ info ] [ BEHAVIOR ] Run app\common\behavior\Common @app_dispatch [ RunTime:0.000023s ]
[ info ] [ ROUTE ] array (
  'type' => 'module',
  'module' => 
  array (
    0 => 'en',
    1 => '.env',
    2 => NULL,
  ),
)
[ info ] [ HEADER ] array (
  'user-agent' => 'python-httpx/0.22.0',
  'connection' => 'keep-alive',
  'accept-encoding' => 'gzip, deflate',
  'accept' => '*/*',
  'host' => 'duanju.doukang.shop',
  'content-length' => '',
  'content-type' => '',
)
[ info ] [ PARAM ] array (
)
[ info ] [ LOG ] INIT File
---------------------------------------------------------------
[ 2025-11-27T10:53:03+08:00 ] 99.79.55.113 GET duanju.doukang.shop/tools/.env
[运行时间：0.023230s] [吞吐率：43.05req/s] [内存消耗：2,334.51kb] [文件加载：71]
[ info ] [ BEHAVIOR ] Run Closure @app_init [ RunTime:0.000024s ]
[ info ] [ CACHE ] INIT File
[ info ] [ BEHAVIOR ] Run \addons\dramas\Dramas @app_init [ RunTime:0.002470s ]
[ info ] [ BEHAVIOR ] Run \addons\uploads\Uploads @app_init [ RunTime:0.000297s ]
[ info ] [ BEHAVIOR ] Run Closure @app_init [ RunTime:0.000325s ]
[ info ] [ BEHAVIOR ] Run app\common\behavior\Common @app_init [ RunTime:0.000502s ]
[ info ] [ LANG ] /www/wwwroot/duanju.doukang.shop/thinkphp/lang/zh-cn.php
[ info ] [ BEHAVIOR ] Run app\common\behavior\Common @app_dispatch [ RunTime:0.000025s ]
[ info ] [ ROUTE ] array (
  'type' => 'module',
  'module' => 
  array (
    0 => 'tools',
    1 => '.env',
    2 => NULL,
  ),
)
[ info ] [ HEADER ] array (
  'user-agent' => 'python-httpx/0.22.0',
  'connection' => 'keep-alive',
  'accept-encoding' => 'gzip, deflate',
  'accept' => '*/*',
  'host' => 'duanju.doukang.shop',
  'content-length' => '',
  'content-type' => '',
)
[ info ] [ PARAM ] array (
)
[ info ] [ LOG ] INIT File
---------------------------------------------------------------
[ 2025-11-27T10:53:04+08:00 ] 99.79.55.113 GET duanju.doukang.shop/v1/.env
[运行时间：0.025847s] [吞吐率：38.69req/s] [内存消耗：2,334.50kb] [文件加载：71]
[ info ] [ BEHAVIOR ] Run Closure @app_init [ RunTime:0.000025s ]
[ info ] [ CACHE ] INIT File
[ info ] [ BEHAVIOR ] Run \addons\dramas\Dramas @app_init [ RunTime:0.002490s ]
[ info ] [ BEHAVIOR ] Run \addons\uploads\Uploads @app_init [ RunTime:0.000296s ]
[ info ] [ BEHAVIOR ] Run Closure @app_init [ RunTime:0.000333s ]
[ info ] [ BEHAVIOR ] Run app\common\behavior\Common @app_init [ RunTime:0.000527s ]
[ info ] [ LANG ] /www/wwwroot/duanju.doukang.shop/thinkphp/lang/zh-cn.php
[ info ] [ BEHAVIOR ] Run app\common\behavior\Common @app_dispatch [ RunTime:0.000025s ]
[ info ] [ ROUTE ] array (
  'type' => 'module',
  'module' => 
  array (
    0 => 'v1',
    1 => '.env',
    2 => NULL,
  ),
)
[ info ] [ HEADER ] array (
  'user-agent' => 'python-httpx/0.22.0',
  'connection' => 'keep-alive',
  'accept-encoding' => 'gzip, deflate',
  'accept' => '*/*',
  'host' => 'duanju.doukang.shop',
  'content-length' => '',
  'content-type' => '',
)
[ info ] [ PARAM ] array (
)
[ info ] [ LOG ] INIT File
---------------------------------------------------------------
[ 2025-11-27T10:53:05+08:00 ] 99.79.55.113 GET duanju.doukang.shop/v2/.env
[运行时间：0.024185s] [吞吐率：41.35req/s] [内存消耗：2,334.50kb] [文件加载：71]
[ info ] [ BEHAVIOR ] Run Closure @app_init [ RunTime:0.000021s ]
[ info ] [ CACHE ] INIT File
[ info ] [ BEHAVIOR ] Run \addons\dramas\Dramas @app_init [ RunTime:0.002496s ]
[ info ] [ BEHAVIOR ] Run \addons\uploads\Uploads @app_init [ RunTime:0.000292s ]
[ info ] [ BEHAVIOR ] Run Closure @app_init [ RunTime:0.000322s ]
[ info ] [ BEHAVIOR ] Run app\common\behavior\Common @app_init [ RunTime:0.000485s ]
[ info ] [ LANG ] /www/wwwroot/duanju.doukang.shop/thinkphp/lang/zh-cn.php
[ info ] [ BEHAVIOR ] Run app\common\behavior\Common @app_dispatch [ RunTime:0.000022s ]
[ info ] [ ROUTE ] array (
  'type' => 'module',
  'module' => 
  array (
    0 => 'v2',
    1 => '.env',
    2 => NULL,
  ),
)
[ info ] [ HEADER ] array (
  'user-agent' => 'python-httpx/0.22.0',
  'connection' => 'keep-alive',
  'accept-encoding' => 'gzip, deflate',
  'accept' => '*/*',
  'host' => 'duanju.doukang.shop',
  'content-length' => '',
  'content-type' => '',
)
[ info ] [ PARAM ] array (
)
[ info ] [ LOG ] INIT File
---------------------------------------------------------------
[ 2025-11-27T10:53:06+08:00 ] 99.79.55.113 GET duanju.doukang.shop/administrator/.env
[运行时间：0.029359s] [吞吐率：34.06req/s] [内存消耗：2,334.59kb] [文件加载：71]
[ info ] [ BEHAVIOR ] Run Closure @app_init [ RunTime:0.000025s ]
[ info ] [ CACHE ] INIT File
[ info ] [ BEHAVIOR ] Run \addons\dramas\Dramas @app_init [ RunTime:0.002728s ]
[ info ] [ BEHAVIOR ] Run \addons\uploads\Uploads @app_init [ RunTime:0.000314s ]
[ info ] [ BEHAVIOR ] Run Closure @app_init [ RunTime:0.000343s ]
[ info ] [ BEHAVIOR ] Run app\common\behavior\Common @app_init [ RunTime:0.000510s ]
[ info ] [ LANG ] /www/wwwroot/duanju.doukang.shop/thinkphp/lang/zh-cn.php
[ info ] [ BEHAVIOR ] Run app\common\behavior\Common @app_dispatch [ RunTime:0.000024s ]
[ info ] [ ROUTE ] array (
  'type' => 'module',
  'module' => 
  array (
    0 => 'administrator',
    1 => '.env',
    2 => NULL,
  ),
)
[ info ] [ HEADER ] array (
  'user-agent' => 'python-httpx/0.22.0',
  'connection' => 'keep-alive',
  'accept-encoding' => 'gzip, deflate',
  'accept' => '*/*',
  'host' => 'duanju.doukang.shop',
  'content-length' => '',
  'content-type' => '',
)
[ info ] [ PARAM ] array (
)
[ info ] [ LOG ] INIT File
---------------------------------------------------------------
[ 2025-11-27T10:53:07+08:00 ] 99.79.55.113 GET duanju.doukang.shop/laravel/.env
[运行时间：0.023628s] [吞吐率：42.32req/s] [内存消耗：2,334.51kb] [文件加载：71]
[ info ] [ BEHAVIOR ] Run Closure @app_init [ RunTime:0.000024s ]
[ info ] [ CACHE ] INIT File
[ info ] [ BEHAVIOR ] Run \addons\dramas\Dramas @app_init [ RunTime:0.002508s ]
[ info ] [ BEHAVIOR ] Run \addons\uploads\Uploads @app_init [ RunTime:0.000298s ]
[ info ] [ BEHAVIOR ] Run Closure @app_init [ RunTime:0.000325s ]
[ info ] [ BEHAVIOR ] Run app\common\behavior\Common @app_init [ RunTime:0.000576s ]
[ info ] [ LANG ] /www/wwwroot/duanju.doukang.shop/thinkphp/lang/zh-cn.php
[ info ] [ BEHAVIOR ] Run app\common\behavior\Common @app_dispatch [ RunTime:0.000024s ]
[ info ] [ ROUTE ] array (
  'type' => 'module',
  'module' => 
  array (
    0 => 'laravel',
    1 => '.env',
    2 => NULL,
  ),
)
[ info ] [ HEADER ] array (
  'user-agent' => 'python-httpx/0.22.0',
  'connection' => 'keep-alive',
  'accept-encoding' => 'gzip, deflate',
  'accept' => '*/*',
  'host' => 'duanju.doukang.shop',
  'content-length' => '',
  'content-type' => '',
)
[ info ] [ PARAM ] array (
)
[ info ] [ LOG ] INIT File
---------------------------------------------------------------
[ 2025-11-27T10:53:08+08:00 ] 99.79.55.113 GET duanju.doukang.shop/
[运行时间：0.047283s] [吞吐率：21.15req/s] [内存消耗：4,153.26kb] [文件加载：91]
[ info ] [ BEHAVIOR ] Run Closure @app_init [ RunTime:0.000030s ]
[ info ] [ CACHE ] INIT File
[ info ] [ BEHAVIOR ] Run \addons\dramas\Dramas @app_init [ RunTime:0.002895s ]
[ info ] [ BEHAVIOR ] Run \addons\uploads\Uploads @app_init [ RunTime:0.000278s ]
[ info ] [ BEHAVIOR ] Run Closure @app_init [ RunTime:0.000305s ]
[ info ] [ BEHAVIOR ] Run app\common\behavior\Common @app_init [ RunTime:0.000504s ]
[ info ] [ LANG ] /www/wwwroot/duanju.doukang.shop/thinkphp/lang/zh-cn.php
[ info ] [ BEHAVIOR ] Run app\common\behavior\Common @app_dispatch [ RunTime:0.000018s ]
[ info ] [ ROUTE ] array (
  'type' => 'module',
  'module' => 
  array (
    0 => '',
    1 => NULL,
    2 => NULL,
  ),
)
[ info ] [ HEADER ] array (
  'user-agent' => 'Mozilla/5.0 (Windows NT 10.0; Win64; x64) Chrome/91.0.4472.124',
  'connection' => 'keep-alive',
  'accept-encoding' => 'gzip, deflate',
  'accept' => '*/*',
  'host' => 'duanju.doukang.shop',
  'content-length' => '',
  'content-type' => '',
)
[ info ] [ PARAM ] array (
)
[ info ] [ LANG ] /www/wwwroot/duanju.doukang.shop/public/../application/index/lang/zh-cn.php
[ info ] [ BEHAVIOR ] Run app\common\behavior\Common @module_init [ RunTime:0.001643s ]
[ info ] [ SESSION ] INIT array (
  'id' => '',
  'var_session_id' => '',
  'prefix' => 'think',
  'type' => '',
  'auto_start' => true,
)
[ info ] [ DB ] INIT mysql
[ info ] [ BEHAVIOR ] Run \addons\uploads\Uploads @module_init [ RunTime:0.013638s ]
[ info ] [ BEHAVIOR ] Run \addons\uploads\Uploads @upload_config_init [ RunTime:0.001284s ]
[ info ] [ BEHAVIOR ] Run \addons\nkeditor\Nkeditor @config_init [ RunTime:0.000147s ]
[ info ] [ LANG ] /www/wwwroot/duanju.doukang.shop/public/../application/index/lang/zh-cn/index.php
[ info ] [ BEHAVIOR ] Run \addons\epay\Epay @action_begin [ RunTime:0.000958s ]
[ info ] [ RUN ] app\index\controller\Index->index[ /www/wwwroot/duanju.doukang.shop/application/index/controller/Index.php ]
[ info ] [ LOG ] INIT File
---------------------------------------------------------------
[ 2025-11-27T11:59:11+08:00 ] 87.236.176.44 GET duanju.doukang.shop/
[运行时间：0.044042s] [吞吐率：22.71req/s] [内存消耗：4,153.26kb] [文件加载：91]
[ info ] [ BEHAVIOR ] Run Closure @app_init [ RunTime:0.000023s ]
[ info ] [ CACHE ] INIT File
[ info ] [ BEHAVIOR ] Run \addons\dramas\Dramas @app_init [ RunTime:0.002478s ]
[ info ] [ BEHAVIOR ] Run \addons\uploads\Uploads @app_init [ RunTime:0.000293s ]
[ info ] [ BEHAVIOR ] Run Closure @app_init [ RunTime:0.000320s ]
[ info ] [ BEHAVIOR ] Run app\common\behavior\Common @app_init [ RunTime:0.000483s ]
[ info ] [ LANG ] /www/wwwroot/duanju.doukang.shop/thinkphp/lang/zh-cn.php
[ info ] [ BEHAVIOR ] Run app\common\behavior\Common @app_dispatch [ RunTime:0.000016s ]
[ info ] [ ROUTE ] array (
  'type' => 'module',
  'module' => 
  array (
    0 => '',
    1 => NULL,
    2 => NULL,
  ),
)
[ info ] [ HEADER ] array (
  'accept-encoding' => 'gzip',
  'accept' => '*/*',
  'connection' => 'close',
  'user-agent' => 'Mozilla/5.0 (compatible; InternetMeasurement/1.0; +https://internet-measurement.com/)',
  'host' => 'duanju.doukang.shop',
  'content-length' => '',
  'content-type' => '',
)
[ info ] [ PARAM ] array (
)
[ info ] [ LANG ] /www/wwwroot/duanju.doukang.shop/public/../application/index/lang/zh-cn.php
[ info ] [ BEHAVIOR ] Run app\common\behavior\Common @module_init [ RunTime:0.001637s ]
[ info ] [ SESSION ] INIT array (
  'id' => '',
  'var_session_id' => '',
  'prefix' => 'think',
  'type' => '',
  'auto_start' => true,
)
[ info ] [ DB ] INIT mysql
[ info ] [ BEHAVIOR ] Run \addons\uploads\Uploads @module_init [ RunTime:0.013037s ]
[ info ] [ BEHAVIOR ] Run \addons\uploads\Uploads @upload_config_init [ RunTime:0.001207s ]
[ info ] [ BEHAVIOR ] Run \addons\nkeditor\Nkeditor @config_init [ RunTime:0.000140s ]
[ info ] [ LANG ] /www/wwwroot/duanju.doukang.shop/public/../application/index/lang/zh-cn/index.php
[ info ] [ BEHAVIOR ] Run \addons\epay\Epay @action_begin [ RunTime:0.000935s ]
[ info ] [ RUN ] app\index\controller\Index->index[ /www/wwwroot/duanju.doukang.shop/application/index/controller/Index.php ]
[ info ] [ LOG ] INIT File
---------------------------------------------------------------
[ 2025-11-27T21:01:55+08:00 ] 34.168.159.45 GET duanju.doukang.shop/
[运行时间：0.117783s] [吞吐率：8.49req/s] [内存消耗：4,152.73kb] [文件加载：91]
[ info ] [ BEHAVIOR ] Run Closure @app_init [ RunTime:0.000036s ]
[ info ] [ CACHE ] INIT File
[ info ] [ BEHAVIOR ] Run \addons\dramas\Dramas @app_init [ RunTime:0.006118s ]
[ info ] [ BEHAVIOR ] Run \addons\uploads\Uploads @app_init [ RunTime:0.000888s ]
[ info ] [ BEHAVIOR ] Run Closure @app_init [ RunTime:0.000920s ]
[ info ] [ BEHAVIOR ] Run app\common\behavior\Common @app_init [ RunTime:0.001657s ]
[ info ] [ LANG ] /www/wwwroot/duanju.doukang.shop/thinkphp/lang/zh-cn.php
[ info ] [ BEHAVIOR ] Run app\common\behavior\Common @app_dispatch [ RunTime:0.000023s ]
[ info ] [ ROUTE ] array (
  'type' => 'module',
  'module' => 
  array (
    0 => '',
    1 => NULL,
    2 => NULL,
  ),
)
[ info ] [ HEADER ] array (
  'accept-encoding' => 'gzip',
  'user-agent' => 'Mozilla/5.0 (compatible; CMS-Checker/1.0; +https://example.com)',
  'host' => 'duanju.doukang.shop',
  'content-length' => '',
  'content-type' => '',
)
[ info ] [ PARAM ] array (
)
[ info ] [ LANG ] /www/wwwroot/duanju.doukang.shop/public/../application/index/lang/zh-cn.php
[ info ] [ BEHAVIOR ] Run app\common\behavior\Common @module_init [ RunTime:0.006401s ]
[ info ] [ SESSION ] INIT array (
  'id' => '',
  'var_session_id' => '',
  'prefix' => 'think',
  'type' => '',
  'auto_start' => true,
)
[ info ] [ DB ] INIT mysql
[ info ] [ BEHAVIOR ] Run \addons\uploads\Uploads @module_init [ RunTime:0.030049s ]
[ info ] [ BEHAVIOR ] Run \addons\uploads\Uploads @upload_config_init [ RunTime:0.001253s ]
[ info ] [ BEHAVIOR ] Run \addons\nkeditor\Nkeditor @config_init [ RunTime:0.000706s ]
[ info ] [ LANG ] /www/wwwroot/duanju.doukang.shop/public/../application/index/lang/zh-cn/index.php
[ info ] [ BEHAVIOR ] Run \addons\epay\Epay @action_begin [ RunTime:0.002077s ]
[ info ] [ RUN ] app\index\controller\Index->index[ /www/wwwroot/duanju.doukang.shop/application/index/controller/Index.php ]
[ info ] [ LOG ] INIT File
---------------------------------------------------------------
[ 2025-11-27T21:33:53+08:00 ] 23.27.145.222 GET duanju.doukang.shop/
[运行时间：0.045343s] [吞吐率：22.05req/s] [内存消耗：4,155.24kb] [文件加载：91]
[ info ] [ BEHAVIOR ] Run Closure @app_init [ RunTime:0.000033s ]
[ info ] [ CACHE ] INIT File
[ info ] [ BEHAVIOR ] Run \addons\dramas\Dramas @app_init [ RunTime:0.002604s ]
[ info ] [ BEHAVIOR ] Run \addons\uploads\Uploads @app_init [ RunTime:0.000297s ]
[ info ] [ BEHAVIOR ] Run Closure @app_init [ RunTime:0.000325s ]
[ info ] [ BEHAVIOR ] Run app\common\behavior\Common @app_init [ RunTime:0.000503s ]
[ info ] [ LANG ] /www/wwwroot/duanju.doukang.shop/thinkphp/lang/zh-cn.php
[ info ] [ BEHAVIOR ] Run app\common\behavior\Common @app_dispatch [ RunTime:0.000020s ]
[ info ] [ ROUTE ] array (
  'type' => 'module',
  'module' => 
  array (
    0 => '',
    1 => NULL,
    2 => NULL,
  ),
)
[ info ] [ HEADER ] array (
  'upgrade-insecure-requests' => '1',
  'cache-control' => 'max-age=0',
  'accept-language' => 'en-US,en;q=0.5',
  'connection' => 'keep-alive',
  'accept' => 'text/html,application/xhtml+xml,application/xml;q=0.9,image/webp,*/*;q=0.8',
  'accept-encoding' => 'gzip, deflate',
  'user-agent' => 'Mozilla/5.0 (X11; Linux i686; rv:109.0) Gecko/20100101 Firefox/120.0',
  'host' => 'duanju.doukang.shop',
  'content-length' => '',
  'content-type' => '',
)
[ info ] [ PARAM ] array (
)
[ info ] [ LANG ] /www/wwwroot/duanju.doukang.shop/public/../application/index/lang/zh-cn.php
[ info ] [ BEHAVIOR ] Run app\common\behavior\Common @module_init [ RunTime:0.001666s ]
[ info ] [ SESSION ] INIT array (
  'id' => '',
  'var_session_id' => '',
  'prefix' => 'think',
  'type' => '',
  'auto_start' => true,
)
[ info ] [ DB ] INIT mysql
[ info ] [ BEHAVIOR ] Run \addons\uploads\Uploads @module_init [ RunTime:0.013437s ]
[ info ] [ BEHAVIOR ] Run \addons\uploads\Uploads @upload_config_init [ RunTime:0.001341s ]
[ info ] [ BEHAVIOR ] Run \addons\nkeditor\Nkeditor @config_init [ RunTime:0.000150s ]
[ info ] [ LANG ] /www/wwwroot/duanju.doukang.shop/public/../application/index/lang/zh-cn/index.php
[ info ] [ BEHAVIOR ] Run \addons\epay\Epay @action_begin [ RunTime:0.000962s ]
[ info ] [ RUN ] app\index\controller\Index->index[ /www/wwwroot/duanju.doukang.shop/application/index/controller/Index.php ]
[ info ] [ LOG ] INIT File
---------------------------------------------------------------
[ 2025-11-27T21:40:32+08:00 ] 23.27.145.132 GET duanju.doukang.shop/
[运行时间：0.044825s] [吞吐率：22.31req/s] [内存消耗：4,155.24kb] [文件加载：91]
[ info ] [ BEHAVIOR ] Run Closure @app_init [ RunTime:0.000032s ]
[ info ] [ CACHE ] INIT File
[ info ] [ BEHAVIOR ] Run \addons\dramas\Dramas @app_init [ RunTime:0.002550s ]
[ info ] [ BEHAVIOR ] Run \addons\uploads\Uploads @app_init [ RunTime:0.000297s ]
[ info ] [ BEHAVIOR ] Run Closure @app_init [ RunTime:0.000325s ]
[ info ] [ BEHAVIOR ] Run app\common\behavior\Common @app_init [ RunTime:0.000526s ]
[ info ] [ LANG ] /www/wwwroot/duanju.doukang.shop/thinkphp/lang/zh-cn.php
[ info ] [ BEHAVIOR ] Run app\common\behavior\Common @app_dispatch [ RunTime:0.000019s ]
[ info ] [ ROUTE ] array (
  'type' => 'module',
  'module' => 
  array (
    0 => '',
    1 => NULL,
    2 => NULL,
  ),
)
[ info ] [ HEADER ] array (
  'upgrade-insecure-requests' => '1',
  'cache-control' => 'max-age=0',
  'accept-language' => 'en-US,en;q=0.5',
  'connection' => 'keep-alive',
  'accept' => 'text/html,application/xhtml+xml,application/xml;q=0.9,image/webp,*/*;q=0.8',
  'accept-encoding' => 'gzip, deflate',
  'user-agent' => 'Mozilla/5.0 (X11; Linux i686; rv:109.0) Gecko/20100101 Firefox/120.0',
  'host' => 'duanju.doukang.shop',
  'content-length' => '',
  'content-type' => '',
)
[ info ] [ PARAM ] array (
)
[ info ] [ LANG ] /www/wwwroot/duanju.doukang.shop/public/../application/index/lang/zh-cn.php
[ info ] [ BEHAVIOR ] Run app\common\behavior\Common @module_init [ RunTime:0.001542s ]
[ info ] [ SESSION ] INIT array (
  'id' => '',
  'var_session_id' => '',
  'prefix' => 'think',
  'type' => '',
  'auto_start' => true,
)
[ info ] [ DB ] INIT mysql
[ info ] [ BEHAVIOR ] Run \addons\uploads\Uploads @module_init [ RunTime:0.013484s ]
[ info ] [ BEHAVIOR ] Run \addons\uploads\Uploads @upload_config_init [ RunTime:0.001576s ]
[ info ] [ BEHAVIOR ] Run \addons\nkeditor\Nkeditor @config_init [ RunTime:0.000170s ]
[ info ] [ LANG ] /www/wwwroot/duanju.doukang.shop/public/../application/index/lang/zh-cn/index.php
[ info ] [ BEHAVIOR ] Run \addons\epay\Epay @action_begin [ RunTime:0.000991s ]
[ info ] [ RUN ] app\index\controller\Index->index[ /www/wwwroot/duanju.doukang.shop/application/index/controller/Index.php ]
[ info ] [ LOG ] INIT File
---------------------------------------------------------------
[ 2025-11-27T22:28:58+08:00 ] 34.168.161.30 GET duanju.doukang.shop/
[运行时间：0.045886s] [吞吐率：21.79req/s] [内存消耗：4,152.73kb] [文件加载：91]
[ info ] [ BEHAVIOR ] Run Closure @app_init [ RunTime:0.000029s ]
[ info ] [ CACHE ] INIT File
[ info ] [ BEHAVIOR ] Run \addons\dramas\Dramas @app_init [ RunTime:0.002493s ]
[ info ] [ BEHAVIOR ] Run \addons\uploads\Uploads @app_init [ RunTime:0.000291s ]
[ info ] [ BEHAVIOR ] Run Closure @app_init [ RunTime:0.000317s ]
[ info ] [ BEHAVIOR ] Run app\common\behavior\Common @app_init [ RunTime:0.000497s ]
[ info ] [ LANG ] /www/wwwroot/duanju.doukang.shop/thinkphp/lang/zh-cn.php
[ info ] [ BEHAVIOR ] Run app\common\behavior\Common @app_dispatch [ RunTime:0.000021s ]
[ info ] [ ROUTE ] array (
  'type' => 'module',
  'module' => 
  array (
    0 => '',
    1 => NULL,
    2 => NULL,
  ),
)
[ info ] [ HEADER ] array (
  'accept-encoding' => 'gzip',
  'user-agent' => 'Mozilla/5.0 (compatible; CMS-Checker/1.0; +https://example.com)',
  'host' => 'duanju.doukang.shop',
  'content-length' => '',
  'content-type' => '',
)
[ info ] [ PARAM ] array (
)
[ info ] [ LANG ] /www/wwwroot/duanju.doukang.shop/public/../application/index/lang/zh-cn.php
[ info ] [ BEHAVIOR ] Run app\common\behavior\Common @module_init [ RunTime:0.001528s ]
[ info ] [ SESSION ] INIT array (
  'id' => '',
  'var_session_id' => '',
  'prefix' => 'think',
  'type' => '',
  'auto_start' => true,
)
[ info ] [ DB ] INIT mysql
[ info ] [ BEHAVIOR ] Run \addons\uploads\Uploads @module_init [ RunTime:0.015281s ]
[ info ] [ BEHAVIOR ] Run \addons\uploads\Uploads @upload_config_init [ RunTime:0.001342s ]
[ info ] [ BEHAVIOR ] Run \addons\nkeditor\Nkeditor @config_init [ RunTime:0.000155s ]
[ info ] [ LANG ] /www/wwwroot/duanju.doukang.shop/public/../application/index/lang/zh-cn/index.php
[ info ] [ BEHAVIOR ] Run \addons\epay\Epay @action_begin [ RunTime:0.000987s ]
[ info ] [ RUN ] app\index\controller\Index->index[ /www/wwwroot/duanju.doukang.shop/application/index/controller/Index.php ]
[ info ] [ LOG ] INIT File
---------------------------------------------------------------
[ 2025-11-27T22:40:51+08:00 ] 13.200.222.34 GET duanju.doukang.shop/
[运行时间：0.053596s] [吞吐率：18.66req/s] [内存消耗：4,153.26kb] [文件加载：91]
[ info ] [ BEHAVIOR ] Run Closure @app_init [ RunTime:0.000029s ]
[ info ] [ CACHE ] INIT File
[ info ] [ BEHAVIOR ] Run \addons\dramas\Dramas @app_init [ RunTime:0.002858s ]
[ info ] [ BEHAVIOR ] Run \addons\uploads\Uploads @app_init [ RunTime:0.000334s ]
[ info ] [ BEHAVIOR ] Run Closure @app_init [ RunTime:0.000380s ]
[ info ] [ BEHAVIOR ] Run app\common\behavior\Common @app_init [ RunTime:0.000571s ]
[ info ] [ LANG ] /www/wwwroot/duanju.doukang.shop/thinkphp/lang/zh-cn.php
[ info ] [ BEHAVIOR ] Run app\common\behavior\Common @app_dispatch [ RunTime:0.000019s ]
[ info ] [ ROUTE ] array (
  'type' => 'module',
  'module' => 
  array (
    0 => '',
    1 => NULL,
    2 => NULL,
  ),
)
[ info ] [ HEADER ] array (
  'user-agent' => 'Mozilla/5.0 (Windows NT 10.0; Win64; x64) Chrome/91.0.4472.124',
  'connection' => 'keep-alive',
  'accept-encoding' => 'gzip, deflate',
  'accept' => '*/*',
  'host' => 'duanju.doukang.shop',
  'content-length' => '',
  'content-type' => '',
)
[ info ] [ PARAM ] array (
)
[ info ] [ LANG ] /www/wwwroot/duanju.doukang.shop/public/../application/index/lang/zh-cn.php
[ info ] [ BEHAVIOR ] Run app\common\behavior\Common @module_init [ RunTime:0.001899s ]
[ info ] [ SESSION ] INIT array (
  'id' => '',
  'var_session_id' => '',
  'prefix' => 'think',
  'type' => '',
  'auto_start' => true,
)
[ info ] [ DB ] INIT mysql
[ info ] [ BEHAVIOR ] Run \addons\uploads\Uploads @module_init [ RunTime:0.016684s ]
[ info ] [ BEHAVIOR ] Run \addons\uploads\Uploads @upload_config_init [ RunTime:0.002450s ]
[ info ] [ BEHAVIOR ] Run \addons\nkeditor\Nkeditor @config_init [ RunTime:0.000196s ]
[ info ] [ LANG ] /www/wwwroot/duanju.doukang.shop/public/../application/index/lang/zh-cn/index.php
[ info ] [ BEHAVIOR ] Run \addons\epay\Epay @action_begin [ RunTime:0.001308s ]
[ info ] [ RUN ] app\index\controller\Index->index[ /www/wwwroot/duanju.doukang.shop/application/index/controller/Index.php ]
[ info ] [ LOG ] INIT File
---------------------------------------------------------------
[ 2025-11-27T22:40:51+08:00 ] 44.246.219.61 GET duanju.doukang.shop/
[运行时间：0.044191s] [吞吐率：22.63req/s] [内存消耗：4,153.26kb] [文件加载：91]
[ info ] [ BEHAVIOR ] Run Closure @app_init [ RunTime:0.000030s ]
[ info ] [ CACHE ] INIT File
[ info ] [ BEHAVIOR ] Run \addons\dramas\Dramas @app_init [ RunTime:0.002494s ]
[ info ] [ BEHAVIOR ] Run \addons\uploads\Uploads @app_init [ RunTime:0.000304s ]
[ info ] [ BEHAVIOR ] Run Closure @app_init [ RunTime:0.000333s ]
[ info ] [ BEHAVIOR ] Run app\common\behavior\Common @app_init [ RunTime:0.000499s ]
[ info ] [ LANG ] /www/wwwroot/duanju.doukang.shop/thinkphp/lang/zh-cn.php
[ info ] [ BEHAVIOR ] Run app\common\behavior\Common @app_dispatch [ RunTime:0.000017s ]
[ info ] [ ROUTE ] array (
  'type' => 'module',
  'module' => 
  array (
    0 => '',
    1 => NULL,
    2 => NULL,
  ),
)
[ info ] [ HEADER ] array (
  'user-agent' => 'Mozilla/5.0 (Windows NT 10.0; Win64; x64) Chrome/91.0.4472.124',
  'connection' => 'keep-alive',
  'accept-encoding' => 'gzip, deflate',
  'accept' => '*/*',
  'host' => 'duanju.doukang.shop',
  'content-length' => '',
  'content-type' => '',
)
[ info ] [ PARAM ] array (
)
[ info ] [ LANG ] /www/wwwroot/duanju.doukang.shop/public/../application/index/lang/zh-cn.php
[ info ] [ BEHAVIOR ] Run app\common\behavior\Common @module_init [ RunTime:0.001649s ]
[ info ] [ SESSION ] INIT array (
  'id' => '',
  'var_session_id' => '',
  'prefix' => 'think',
  'type' => '',
  'auto_start' => true,
)
[ info ] [ DB ] INIT mysql
[ info ] [ BEHAVIOR ] Run \addons\uploads\Uploads @module_init [ RunTime:0.013401s ]
[ info ] [ BEHAVIOR ] Run \addons\uploads\Uploads @upload_config_init [ RunTime:0.001316s ]
[ info ] [ BEHAVIOR ] Run \addons\nkeditor\Nkeditor @config_init [ RunTime:0.000169s ]
[ info ] [ LANG ] /www/wwwroot/duanju.doukang.shop/public/../application/index/lang/zh-cn/index.php
[ info ] [ BEHAVIOR ] Run \addons\epay\Epay @action_begin [ RunTime:0.000955s ]
[ info ] [ RUN ] app\index\controller\Index->index[ /www/wwwroot/duanju.doukang.shop/application/index/controller/Index.php ]
[ info ] [ LOG ] INIT File
