---------------------------------------------------------------
[ 2023-12-20T14:39:46+08:00 ] 220.196.160.61 GET hwdj.dyman.cn/
[运行时间：0.065493s] [吞吐率：15.27req/s] [内存消耗：4,152.75kb] [文件加载：91]
[ info ] [ BEHAVIOR ] Run Closure @app_init [ RunTime:0.000031s ]
[ info ] [ CACHE ] INIT File
[ info ] [ BEHAVIOR ] Run \addons\dramas\Dramas @app_init [ RunTime:0.003338s ]
[ info ] [ BEHAVIOR ] Run \addons\uploads\Uploads @app_init [ RunTime:0.000429s ]
[ info ] [ BEHAVIOR ] Run Closure @app_init [ RunTime:0.000467s ]
[ info ] [ BEHAVIOR ] Run app\common\behavior\Common @app_init [ RunTime:0.002636s ]
[ info ] [ LANG ] /www/wwwroot/hwdj.dyman.cn/thinkphp/lang/zh-cn.php
[ info ] [ BEHAVIOR ] Run app\common\behavior\Common @app_dispatch [ RunTime:0.000027s ]
[ info ] [ ROUTE ] array (
  'type' => 'module',
  'module' => 
  array (
    0 => '',
    1 => NULL,
    2 => NULL,
  ),
)
[ info ] [ HEADER ] array (
  'upgrade-insecure-requests' => '1',
  'cache-control' => 'max-age=0',
  'accept-language' => 'zh-CN,zh;q=0.9',
  'accept-encoding' => 'gzip, deflate',
  'accept' => 'text/html,application/xhtml+xml,application/xml;q=0.9,image/avif,image/webp,image/apng,*/*;q=0.8,application/signed-exchange;v=b3;q=0.9',
  'user-agent' => 'Mozilla/5.0 (X11; Linux x86_64) AppleWebKit/537.36 (KHTML, like Gecko) Chrome/108.0.0.0 Safari/537.36',
  'host' => 'hwdj.dyman.cn',
  'content-length' => '',
  'content-type' => '',
)
[ info ] [ PARAM ] array (
)
[ info ] [ LANG ] /www/wwwroot/hwdj.dyman.cn/public/../application/index/lang/zh-cn.php
[ info ] [ BEHAVIOR ] Run app\common\behavior\Common @module_init [ RunTime:0.002089s ]
[ info ] [ SESSION ] INIT array (
  'id' => '',
  'var_session_id' => '',
  'prefix' => 'think',
  'type' => '',
  'auto_start' => true,
)
[ info ] [ DB ] INIT mysql
[ info ] [ BEHAVIOR ] Run \addons\uploads\Uploads @module_init [ RunTime:0.018477s ]
[ info ] [ BEHAVIOR ] Run \addons\uploads\Uploads @upload_config_init [ RunTime:0.002899s ]
[ info ] [ BEHAVIOR ] Run \addons\nkeditor\Nkeditor @config_init [ RunTime:0.000271s ]
[ info ] [ LANG ] /www/wwwroot/hwdj.dyman.cn/public/../application/index/lang/zh-cn/index.php
[ info ] [ BEHAVIOR ] Run \addons\epay\Epay @action_begin [ RunTime:0.001548s ]
[ info ] [ RUN ] app\index\controller\Index->index[ /www/wwwroot/hwdj.dyman.cn/application/index/controller/Index.php ]
[ info ] [ LOG ] INIT File
---------------------------------------------------------------
[ 2023-12-20T14:39:47+08:00 ] 180.101.245.251 GET hwdj.dyman.cn/
[运行时间：0.058541s] [吞吐率：17.08req/s] [内存消耗：4,152.24kb] [文件加载：91]
[ info ] [ BEHAVIOR ] Run Closure @app_init [ RunTime:0.000030s ]
[ info ] [ CACHE ] INIT File
[ info ] [ BEHAVIOR ] Run \addons\dramas\Dramas @app_init [ RunTime:0.003313s ]
[ info ] [ BEHAVIOR ] Run \addons\uploads\Uploads @app_init [ RunTime:0.000432s ]
[ info ] [ BEHAVIOR ] Run Closure @app_init [ RunTime:0.000472s ]
[ info ] [ BEHAVIOR ] Run app\common\behavior\Common @app_init [ RunTime:0.000662s ]
[ info ] [ LANG ] /www/wwwroot/hwdj.dyman.cn/thinkphp/lang/zh-cn.php
[ info ] [ BEHAVIOR ] Run app\common\behavior\Common @app_dispatch [ RunTime:0.000034s ]
[ info ] [ ROUTE ] array (
  'type' => 'module',
  'module' => 
  array (
    0 => '',
    1 => NULL,
    2 => NULL,
  ),
)
[ info ] [ HEADER ] array (
  'upgrade-insecure-requests' => '1',
  'accept-language' => 'zh-CN,zh;q=0.9',
  'accept-encoding' => 'gzip, deflate',
  'accept' => 'text/html,application/xhtml+xml,application/xml;q=0.9,image/avif,image/webp,image/apng,*/*;q=0.8,application/signed-exchange;v=b3;q=0.9',
  'user-agent' => 'Mozilla/5.0 (X11; Linux x86_64) AppleWebKit/537.36 (KHTML, like Gecko) Chrome/108.0.0.0 Safari/537.36',
  'host' => 'hwdj.dyman.cn',
  'content-length' => '',
  'content-type' => '',
)
[ info ] [ PARAM ] array (
)
[ info ] [ LANG ] /www/wwwroot/hwdj.dyman.cn/public/../application/index/lang/zh-cn.php
[ info ] [ BEHAVIOR ] Run app\common\behavior\Common @module_init [ RunTime:0.001976s ]
[ info ] [ SESSION ] INIT array (
  'id' => '',
  'var_session_id' => '',
  'prefix' => 'think',
  'type' => '',
  'auto_start' => true,
)
[ info ] [ DB ] INIT mysql
[ info ] [ BEHAVIOR ] Run \addons\uploads\Uploads @module_init [ RunTime:0.017669s ]
[ info ] [ BEHAVIOR ] Run \addons\uploads\Uploads @upload_config_init [ RunTime:0.002556s ]
[ info ] [ BEHAVIOR ] Run \addons\nkeditor\Nkeditor @config_init [ RunTime:0.000217s ]
[ info ] [ LANG ] /www/wwwroot/hwdj.dyman.cn/public/../application/index/lang/zh-cn/index.php
[ info ] [ BEHAVIOR ] Run \addons\epay\Epay @action_begin [ RunTime:0.001264s ]
[ info ] [ RUN ] app\index\controller\Index->index[ /www/wwwroot/hwdj.dyman.cn/application/index/controller/Index.php ]
[ info ] [ LOG ] INIT File
---------------------------------------------------------------
[ 2023-12-20T14:39:48+08:00 ] 180.101.245.249 GET hwdj.dyman.cn/addons/dramas/index/init?platform=H5&sslVerify=false
[运行时间：0.143226s] [吞吐率：6.98req/s] [内存消耗：4,511.71kb] [文件加载：95]
[ info ] [ BEHAVIOR ] Run Closure @app_init [ RunTime:0.000041s ]
[ info ] [ CACHE ] INIT File
[ info ] [ BEHAVIOR ] Run \addons\dramas\Dramas @app_init [ RunTime:0.003116s ]
[ info ] [ BEHAVIOR ] Run \addons\uploads\Uploads @app_init [ RunTime:0.000383s ]
[ info ] [ BEHAVIOR ] Run Closure @app_init [ RunTime:0.000418s ]
[ info ] [ BEHAVIOR ] Run app\common\behavior\Common @app_init [ RunTime:0.000659s ]
[ info ] [ LANG ] /www/wwwroot/hwdj.dyman.cn/thinkphp/lang/zh-cn.php
[ info ] [ BEHAVIOR ] Run app\common\behavior\Common @app_dispatch [ RunTime:0.000031s ]
[ info ] [ ROUTE ] array (
  'type' => 'method',
  'method' => 
  array (
    0 => '\\think\\addons\\Route',
    1 => 'execute',
  ),
  'var' => 
  array (
  ),
)
[ info ] [ HEADER ] array (
  'token' => '',
  'sign' => '',
  'referer' => 'http://hwdj.dyman.cn/h5/',
  'lang' => '',
  'cookie' => 'PHPSESSID=jneo98l6896kd2bupkfot6jjc0',
  'content-type' => 'application/json',
  'accept-language' => 'zh-CN,zh;q=0.9',
  'accept-encoding' => 'gzip, deflate',
  'accept' => '*/*',
  'user-agent' => 'Mozilla/5.0 (X11; Linux x86_64) AppleWebKit/537.36 (KHTML, like Gecko) Chrome/108.0.0.0 Safari/537.36',
  'host' => 'hwdj.dyman.cn',
  'content-length' => '',
)
[ info ] [ PARAM ] array (
  'platform' => 'H5',
  'sslVerify' => 'false',
  'addon' => 'dramas',
  'controller' => 'index',
  'action' => 'init',
)
[ info ] [ RUN ] think\addons\Route->execute[ /www/wwwroot/hwdj.dyman.cn/vendor/karsonzhang/fastadmin-addons/src/addons/Route.php ]
[ info ] [ LANG ] /www/wwwroot/hwdj.dyman.cn/public/../application/common/lang/zh-cn/addon.php
[ info ] [ BEHAVIOR ] Run app\common\behavior\Common @addon_begin [ RunTime:0.003090s ]
[ info ] [ SESSION ] INIT array (
  'id' => '',
  'var_session_id' => '',
  'prefix' => 'think',
  'type' => '',
  'auto_start' => true,
)
[ info ] [ DB ] INIT mysql
[ info ] [ BEHAVIOR ] Run \addons\uploads\Uploads @upload_config_init [ RunTime:0.015407s ]
[ info ] [ BEHAVIOR ] Run \addons\epay\Epay @addon_action_begin [ RunTime:0.001726s ]
[ info ] [ LOG ] INIT File
---------------------------------------------------------------
[ 2023-12-20T14:39:48+08:00 ] 59.83.208.107 GET hwdj.dyman.cn/addons/dramas/index/lang_list?sslVerify=false
[运行时间：0.064363s] [吞吐率：15.54req/s] [内存消耗：4,460.73kb] [文件加载：93]
[ info ] [ BEHAVIOR ] Run Closure @app_init [ RunTime:0.000029s ]
[ info ] [ CACHE ] INIT File
[ info ] [ BEHAVIOR ] Run \addons\dramas\Dramas @app_init [ RunTime:0.003207s ]
[ info ] [ BEHAVIOR ] Run \addons\uploads\Uploads @app_init [ RunTime:0.000402s ]
[ info ] [ BEHAVIOR ] Run Closure @app_init [ RunTime:0.000440s ]
[ info ] [ BEHAVIOR ] Run app\common\behavior\Common @app_init [ RunTime:0.000663s ]
[ info ] [ LANG ] /www/wwwroot/hwdj.dyman.cn/thinkphp/lang/zh-cn.php
[ info ] [ BEHAVIOR ] Run app\common\behavior\Common @app_dispatch [ RunTime:0.000031s ]
[ info ] [ ROUTE ] array (
  'type' => 'method',
  'method' => 
  array (
    0 => '\\think\\addons\\Route',
    1 => 'execute',
  ),
  'var' => 
  array (
  ),
)
[ info ] [ HEADER ] array (
  'token' => '',
  'sign' => '',
  'referer' => 'http://hwdj.dyman.cn/h5/',
  'lang' => '',
  'cookie' => 'PHPSESSID=jneo98l6896kd2bupkfot6jjc0',
  'content-type' => 'application/json',
  'accept-language' => 'zh-CN,zh;q=0.9',
  'accept-encoding' => 'gzip, deflate',
  'accept' => '*/*',
  'user-agent' => 'Mozilla/5.0 (X11; Linux x86_64) AppleWebKit/537.36 (KHTML, like Gecko) Chrome/108.0.0.0 Safari/537.36',
  'host' => 'hwdj.dyman.cn',
  'content-length' => '',
)
[ info ] [ PARAM ] array (
  'sslVerify' => 'false',
  'addon' => 'dramas',
  'controller' => 'index',
  'action' => 'lang_list',
)
[ info ] [ RUN ] think\addons\Route->execute[ /www/wwwroot/hwdj.dyman.cn/vendor/karsonzhang/fastadmin-addons/src/addons/Route.php ]
[ info ] [ LANG ] /www/wwwroot/hwdj.dyman.cn/public/../application/common/lang/zh-cn/addon.php
[ info ] [ BEHAVIOR ] Run app\common\behavior\Common @addon_begin [ RunTime:0.003106s ]
[ info ] [ SESSION ] INIT array (
  'id' => '',
  'var_session_id' => '',
  'prefix' => 'think',
  'type' => '',
  'auto_start' => true,
)
[ info ] [ DB ] INIT mysql
[ info ] [ BEHAVIOR ] Run \addons\uploads\Uploads @upload_config_init [ RunTime:0.015700s ]
[ info ] [ BEHAVIOR ] Run \addons\epay\Epay @addon_action_begin [ RunTime:0.001608s ]
[ info ] [ LOG ] INIT File
---------------------------------------------------------------
[ 2023-12-20T14:39:48+08:00 ] 180.101.245.249 GET hwdj.dyman.cn/addons/dramas/index/init?platform=H5&sslVerify=false
[运行时间：0.064398s] [吞吐率：15.53req/s] [内存消耗：4,555.06kb] [文件加载：95]
[ info ] [ BEHAVIOR ] Run Closure @app_init [ RunTime:0.000026s ]
[ info ] [ CACHE ] INIT File
[ info ] [ BEHAVIOR ] Run \addons\dramas\Dramas @app_init [ RunTime:0.003010s ]
[ info ] [ BEHAVIOR ] Run \addons\uploads\Uploads @app_init [ RunTime:0.000392s ]
[ info ] [ BEHAVIOR ] Run Closure @app_init [ RunTime:0.000426s ]
[ info ] [ BEHAVIOR ] Run app\common\behavior\Common @app_init [ RunTime:0.000628s ]
[ info ] [ LANG ] /www/wwwroot/hwdj.dyman.cn/thinkphp/lang/zh-cn.php
[ info ] [ BEHAVIOR ] Run app\common\behavior\Common @app_dispatch [ RunTime:0.000030s ]
[ info ] [ ROUTE ] array (
  'type' => 'method',
  'method' => 
  array (
    0 => '\\think\\addons\\Route',
    1 => 'execute',
  ),
  'var' => 
  array (
  ),
)
[ info ] [ HEADER ] array (
  'token' => '',
  'sign' => '',
  'referer' => 'http://hwdj.dyman.cn/h5/',
  'lang' => 'en',
  'cookie' => 'PHPSESSID=jneo98l6896kd2bupkfot6jjc0',
  'content-type' => 'application/json',
  'accept-language' => 'zh-CN,zh;q=0.9',
  'accept-encoding' => 'gzip, deflate',
  'accept' => '*/*',
  'user-agent' => 'Mozilla/5.0 (X11; Linux x86_64) AppleWebKit/537.36 (KHTML, like Gecko) Chrome/108.0.0.0 Safari/537.36',
  'host' => 'hwdj.dyman.cn',
  'content-length' => '',
)
[ info ] [ PARAM ] array (
  'platform' => 'H5',
  'sslVerify' => 'false',
  'addon' => 'dramas',
  'controller' => 'index',
  'action' => 'init',
)
[ info ] [ RUN ] think\addons\Route->execute[ /www/wwwroot/hwdj.dyman.cn/vendor/karsonzhang/fastadmin-addons/src/addons/Route.php ]
[ info ] [ LANG ] /www/wwwroot/hwdj.dyman.cn/public/../application/common/lang/zh-cn/addon.php
[ info ] [ BEHAVIOR ] Run app\common\behavior\Common @addon_begin [ RunTime:0.002988s ]
[ info ] [ SESSION ] INIT array (
  'id' => '',
  'var_session_id' => '',
  'prefix' => 'think',
  'type' => '',
  'auto_start' => true,
)
[ info ] [ DB ] INIT mysql
[ info ] [ BEHAVIOR ] Run \addons\uploads\Uploads @upload_config_init [ RunTime:0.015406s ]
[ info ] [ LANG ] /www/wwwroot/hwdj.dyman.cn/addons/dramas/lang/en.php
[ info ] [ BEHAVIOR ] Run \addons\epay\Epay @addon_action_begin [ RunTime:0.001401s ]
[ info ] [ LOG ] INIT File
---------------------------------------------------------------
[ 2023-12-20T14:39:48+08:00 ] 180.101.245.251 GET hwdj.dyman.cn/addons/dramas/index/lang_data?lang=en&sslVerify=false
[运行时间：0.063052s] [吞吐率：15.86req/s] [内存消耗：4,520.89kb] [文件加载：92]
[ info ] [ BEHAVIOR ] Run Closure @app_init [ RunTime:0.000027s ]
[ info ] [ CACHE ] INIT File
[ info ] [ BEHAVIOR ] Run \addons\dramas\Dramas @app_init [ RunTime:0.003019s ]
[ info ] [ BEHAVIOR ] Run \addons\uploads\Uploads @app_init [ RunTime:0.000378s ]
[ info ] [ BEHAVIOR ] Run Closure @app_init [ RunTime:0.000411s ]
[ info ] [ BEHAVIOR ] Run app\common\behavior\Common @app_init [ RunTime:0.000637s ]
[ info ] [ BEHAVIOR ] Run app\common\behavior\Common @app_dispatch [ RunTime:0.000029s ]
[ info ] [ ROUTE ] array (
  'type' => 'method',
  'method' => 
  array (
    0 => '\\think\\addons\\Route',
    1 => 'execute',
  ),
  'var' => 
  array (
  ),
)
[ info ] [ HEADER ] array (
  'token' => '',
  'sign' => '',
  'referer' => 'http://hwdj.dyman.cn/h5/',
  'lang' => 'en',
  'cookie' => 'PHPSESSID=jneo98l6896kd2bupkfot6jjc0',
  'content-type' => 'application/json',
  'accept-language' => 'zh-CN,zh;q=0.9',
  'accept-encoding' => 'gzip, deflate',
  'accept' => '*/*',
  'user-agent' => 'Mozilla/5.0 (X11; Linux x86_64) AppleWebKit/537.36 (KHTML, like Gecko) Chrome/108.0.0.0 Safari/537.36',
  'host' => 'hwdj.dyman.cn',
  'content-length' => '',
)
[ info ] [ PARAM ] array (
  'lang' => 'en',
  'sslVerify' => 'false',
  'addon' => 'dramas',
  'controller' => 'index',
  'action' => 'lang_data',
)
[ info ] [ RUN ] think\addons\Route->execute[ /www/wwwroot/hwdj.dyman.cn/vendor/karsonzhang/fastadmin-addons/src/addons/Route.php ]
[ info ] [ BEHAVIOR ] Run app\common\behavior\Common @addon_begin [ RunTime:0.003307s ]
[ info ] [ SESSION ] INIT array (
  'id' => '',
  'var_session_id' => '',
  'prefix' => 'think',
  'type' => '',
  'auto_start' => true,
)
[ info ] [ DB ] INIT mysql
[ info ] [ BEHAVIOR ] Run \addons\uploads\Uploads @upload_config_init [ RunTime:0.015118s ]
[ info ] [ LANG ] /www/wwwroot/hwdj.dyman.cn/addons/dramas/lang/en.php
[ info ] [ BEHAVIOR ] Run \addons\epay\Epay @addon_action_begin [ RunTime:0.001261s ]
[ info ] [ LOG ] INIT File
---------------------------------------------------------------
[ 2023-12-20T14:39:48+08:00 ] 59.83.208.107 GET hwdj.dyman.cn/addons/dramas/category/index?sslVerify=false
[运行时间：0.082596s] [吞吐率：12.11req/s] [内存消耗：4,537.61kb] [文件加载：97]
[ info ] [ BEHAVIOR ] Run Closure @app_init [ RunTime:0.000029s ]
[ info ] [ CACHE ] INIT File
[ info ] [ BEHAVIOR ] Run \addons\dramas\Dramas @app_init [ RunTime:0.003948s ]
[ info ] [ BEHAVIOR ] Run \addons\uploads\Uploads @app_init [ RunTime:0.000496s ]
[ info ] [ BEHAVIOR ] Run Closure @app_init [ RunTime:0.000539s ]
[ info ] [ BEHAVIOR ] Run app\common\behavior\Common @app_init [ RunTime:0.000860s ]
[ info ] [ LANG ] /www/wwwroot/hwdj.dyman.cn/thinkphp/lang/zh-cn.php
[ info ] [ BEHAVIOR ] Run app\common\behavior\Common @app_dispatch [ RunTime:0.000042s ]
[ info ] [ ROUTE ] array (
  'type' => 'method',
  'method' => 
  array (
    0 => '\\think\\addons\\Route',
    1 => 'execute',
  ),
  'var' => 
  array (
  ),
)
[ info ] [ HEADER ] array (
  'token' => '',
  'sign' => '',
  'referer' => 'http://hwdj.dyman.cn/h5/',
  'lang' => 'en',
  'cookie' => 'PHPSESSID=jneo98l6896kd2bupkfot6jjc0',
  'content-type' => 'application/json',
  'accept-language' => 'zh-CN,zh;q=0.9',
  'accept-encoding' => 'gzip, deflate',
  'accept' => '*/*',
  'user-agent' => 'Mozilla/5.0 (X11; Linux x86_64) AppleWebKit/537.36 (KHTML, like Gecko) Chrome/108.0.0.0 Safari/537.36',
  'host' => 'hwdj.dyman.cn',
  'content-length' => '',
)
[ info ] [ PARAM ] array (
  'sslVerify' => 'false',
  'addon' => 'dramas',
  'controller' => 'category',
  'action' => 'index',
)
[ info ] [ RUN ] think\addons\Route->execute[ /www/wwwroot/hwdj.dyman.cn/vendor/karsonzhang/fastadmin-addons/src/addons/Route.php ]
[ info ] [ LANG ] /www/wwwroot/hwdj.dyman.cn/public/../application/common/lang/zh-cn/addon.php
[ info ] [ BEHAVIOR ] Run app\common\behavior\Common @addon_begin [ RunTime:0.004070s ]
[ info ] [ SESSION ] INIT array (
  'id' => '',
  'var_session_id' => '',
  'prefix' => 'think',
  'type' => '',
  'auto_start' => true,
)
[ info ] [ DB ] INIT mysql
[ info ] [ BEHAVIOR ] Run \addons\uploads\Uploads @upload_config_init [ RunTime:0.019033s ]
[ info ] [ LANG ] /www/wwwroot/hwdj.dyman.cn/addons/dramas/lang/en.php
[ info ] [ BEHAVIOR ] Run \addons\epay\Epay @addon_action_begin [ RunTime:0.001701s ]
[ info ] [ LOG ] INIT File
---------------------------------------------------------------
[ 2023-12-20T14:39:48+08:00 ] 59.83.208.107 GET hwdj.dyman.cn/addons/dramas/video/index?category_id=&type=&page=1&pagesize=10&platform=1&sslVerify=false
[运行时间：0.080259s] [吞吐率：12.46req/s] [内存消耗：4,668.23kb] [文件加载：99]
[ info ] [ BEHAVIOR ] Run Closure @app_init [ RunTime:0.000028s ]
[ info ] [ CACHE ] INIT File
[ info ] [ BEHAVIOR ] Run \addons\dramas\Dramas @app_init [ RunTime:0.003337s ]
[ info ] [ BEHAVIOR ] Run \addons\uploads\Uploads @app_init [ RunTime:0.000384s ]
[ info ] [ BEHAVIOR ] Run Closure @app_init [ RunTime:0.000417s ]
[ info ] [ BEHAVIOR ] Run app\common\behavior\Common @app_init [ RunTime:0.000663s ]
[ info ] [ BEHAVIOR ] Run app\common\behavior\Common @app_dispatch [ RunTime:0.000030s ]
[ info ] [ ROUTE ] array (
  'type' => 'method',
  'method' => 
  array (
    0 => '\\think\\addons\\Route',
    1 => 'execute',
  ),
  'var' => 
  array (
  ),
)
[ info ] [ HEADER ] array (
  'token' => '',
  'sign' => '',
  'referer' => 'http://hwdj.dyman.cn/h5/',
  'lang' => 'en',
  'cookie' => 'PHPSESSID=jneo98l6896kd2bupkfot6jjc0; think_var=en',
  'content-type' => 'application/json',
  'accept-language' => 'zh-CN,zh;q=0.9',
  'accept-encoding' => 'gzip, deflate',
  'accept' => '*/*',
  'user-agent' => 'Mozilla/5.0 (X11; Linux x86_64) AppleWebKit/537.36 (KHTML, like Gecko) Chrome/108.0.0.0 Safari/537.36',
  'host' => 'hwdj.dyman.cn',
  'content-length' => '',
)
[ info ] [ PARAM ] array (
  'category_id' => '',
  'type' => '',
  'page' => '1',
  'pagesize' => '10',
  'platform' => '1',
  'sslVerify' => 'false',
  'addon' => 'dramas',
  'controller' => 'video',
  'action' => 'index',
)
[ info ] [ RUN ] think\addons\Route->execute[ /www/wwwroot/hwdj.dyman.cn/vendor/karsonzhang/fastadmin-addons/src/addons/Route.php ]
[ info ] [ BEHAVIOR ] Run app\common\behavior\Common @addon_begin [ RunTime:0.003024s ]
[ info ] [ SESSION ] INIT array (
  'id' => '',
  'var_session_id' => '',
  'prefix' => 'think',
  'type' => '',
  'auto_start' => true,
)
[ info ] [ DB ] INIT mysql
[ info ] [ BEHAVIOR ] Run \addons\uploads\Uploads @upload_config_init [ RunTime:0.015968s ]
[ info ] [ LANG ] /www/wwwroot/hwdj.dyman.cn/addons/dramas/lang/en.php
[ info ] [ BEHAVIOR ] Run \addons\epay\Epay @addon_action_begin [ RunTime:0.001909s ]
[ info ] [ LOG ] INIT File
